[2026-02-27T06:04:17.819+0000] {local_task_job_runner.py:120} INFO - ::group::Pre task execution logs
[2026-02-27T06:04:17.842+0000] {taskinstance.py:2073} INFO - Dependencies all met for dep_context=non-requeueable deps ti=<TaskInstance: 03_branching_dags.clean_sales_new manual__2026-02-27T06:04:07.214411+00:00 [queued]>
[2026-02-27T06:04:17.853+0000] {taskinstance.py:2073} INFO - Dependencies all met for dep_context=requeueable deps ti=<TaskInstance: 03_branching_dags.clean_sales_new manual__2026-02-27T06:04:07.214411+00:00 [queued]>
[2026-02-27T06:04:17.854+0000] {taskinstance.py:2303} INFO - Starting attempt 1 of 2
[2026-02-27T06:04:17.874+0000] {taskinstance.py:2327} INFO - Executing <Task(PythonOperator): clean_sales_new> on 2026-02-27 06:04:07.214411+00:00
[2026-02-27T06:04:17.884+0000] {warnings.py:110} WARNING - /home/***/.local/lib/python3.12/site-packages/***/task/task_runner/standard_task_runner.py:61: DeprecationWarning: This process (pid=1170) is multi-threaded, use of fork() may lead to deadlocks in the child.
  pid = os.fork()

[2026-02-27T06:04:17.887+0000] {standard_task_runner.py:63} INFO - Started process 1201 to run task
[2026-02-27T06:04:17.886+0000] {standard_task_runner.py:90} INFO - Running: ['***', 'tasks', 'run', '03_branching_dags', 'clean_sales_new', 'manual__2026-02-27T06:04:07.214411+00:00', '--job-id', '121', '--raw', '--subdir', 'DAGS_FOLDER/branching_dags.py', '--cfg-path', '/tmp/tmpnzto7n0_']
[2026-02-27T06:04:17.890+0000] {standard_task_runner.py:91} INFO - Job 121: Subtask clean_sales_new
[2026-02-27T06:04:17.975+0000] {task_command.py:426} INFO - Running <TaskInstance: 03_branching_dags.clean_sales_new manual__2026-02-27T06:04:07.214411+00:00 [running]> on host eee3dfa392df
[2026-02-27T06:04:18.086+0000] {taskinstance.py:2644} INFO - Exporting env vars: AIRFLOW_CTX_DAG_OWNER='***' AIRFLOW_CTX_DAG_ID='03_branching_dags' AIRFLOW_CTX_TASK_ID='clean_sales_new' AIRFLOW_CTX_EXECUTION_DATE='2026-02-27T06:04:07.214411+00:00' AIRFLOW_CTX_TRY_NUMBER='1' AIRFLOW_CTX_DAG_RUN_ID='manual__2026-02-27T06:04:07.214411+00:00'
[2026-02-27T06:04:18.089+0000] {taskinstance.py:430} INFO - ::endgroup::
[2026-02-27T06:04:18.090+0000] {logging_mixin.py:188} INFO - Cleaning new sales data
[2026-02-27T06:04:18.091+0000] {python.py:237} INFO - Done. Returned value was: None
[2026-02-27T06:04:18.092+0000] {taskinstance.py:441} INFO - ::group::Post task execution logs
[2026-02-27T06:04:18.104+0000] {taskinstance.py:1205} INFO - Marking task as SUCCESS. dag_id=03_branching_dags, task_id=clean_sales_new, execution_date=20260227T060407, start_date=20260227T060417, end_date=20260227T060418
[2026-02-27T06:04:18.144+0000] {local_task_job_runner.py:240} INFO - Task exited with return code 0
[2026-02-27T06:04:18.165+0000] {taskinstance.py:3482} INFO - 0 downstream tasks scheduled from follow-on schedule check
[2026-02-27T06:04:18.168+0000] {local_task_job_runner.py:222} INFO - ::endgroup::
