[2026-02-27T04:54:27.169+0000] {local_task_job_runner.py:120} INFO - ::group::Pre task execution logs
[2026-02-27T04:54:27.198+0000] {taskinstance.py:2073} INFO - Dependencies all met for dep_context=non-requeueable deps ti=<TaskInstance: parallel_dag.task_e manual__2026-02-27T04:54:10.830868+00:00 [queued]>
[2026-02-27T04:54:27.210+0000] {taskinstance.py:2073} INFO - Dependencies all met for dep_context=requeueable deps ti=<TaskInstance: parallel_dag.task_e manual__2026-02-27T04:54:10.830868+00:00 [queued]>
[2026-02-27T04:54:27.212+0000] {taskinstance.py:2303} INFO - Starting attempt 1 of 1
[2026-02-27T04:54:27.230+0000] {taskinstance.py:2327} INFO - Executing <Task(BashOperator): task_e> on 2026-02-27 04:54:10.830868+00:00
[2026-02-27T04:54:27.239+0000] {warnings.py:110} WARNING - /home/***/.local/lib/python3.12/site-packages/***/task/task_runner/standard_task_runner.py:61: DeprecationWarning: This process (pid=34202) is multi-threaded, use of fork() may lead to deadlocks in the child.
  pid = os.fork()

[2026-02-27T04:54:27.241+0000] {standard_task_runner.py:63} INFO - Started process 34258 to run task
[2026-02-27T04:54:27.240+0000] {standard_task_runner.py:90} INFO - Running: ['***', 'tasks', 'run', 'parallel_dag', 'task_e', 'manual__2026-02-27T04:54:10.830868+00:00', '--job-id', '95', '--raw', '--subdir', 'DAGS_FOLDER/a8.py', '--cfg-path', '/tmp/tmp9cki5_2o']
[2026-02-27T04:54:27.244+0000] {standard_task_runner.py:91} INFO - Job 95: Subtask task_e
[2026-02-27T04:54:27.337+0000] {task_command.py:426} INFO - Running <TaskInstance: parallel_dag.task_e manual__2026-02-27T04:54:10.830868+00:00 [running]> on host eee3dfa392df
[2026-02-27T04:54:27.439+0000] {taskinstance.py:2644} INFO - Exporting env vars: AIRFLOW_CTX_DAG_OWNER='***' AIRFLOW_CTX_DAG_ID='parallel_dag' AIRFLOW_CTX_TASK_ID='task_e' AIRFLOW_CTX_EXECUTION_DATE='2026-02-27T04:54:10.830868+00:00' AIRFLOW_CTX_TRY_NUMBER='1' AIRFLOW_CTX_DAG_RUN_ID='manual__2026-02-27T04:54:10.830868+00:00'
[2026-02-27T04:54:27.443+0000] {taskinstance.py:430} INFO - ::endgroup::
[2026-02-27T04:54:27.444+0000] {subprocess.py:63} INFO - Tmp dir root location: /tmp
[2026-02-27T04:54:27.447+0000] {subprocess.py:75} INFO - Running command: ['/usr/bin/bash', '-c', "echo 'Task E completed'"]
[2026-02-27T04:54:27.464+0000] {subprocess.py:86} INFO - Output:
[2026-02-27T04:54:27.466+0000] {subprocess.py:93} INFO - Task E completed
[2026-02-27T04:54:27.467+0000] {subprocess.py:97} INFO - Command exited with return code 0
[2026-02-27T04:54:27.475+0000] {taskinstance.py:441} INFO - ::group::Post task execution logs
[2026-02-27T04:54:27.512+0000] {taskinstance.py:1205} INFO - Marking task as SUCCESS. dag_id=parallel_dag, task_id=task_e, execution_date=20260227T045410, start_date=20260227T045427, end_date=20260227T045427
[2026-02-27T04:54:27.576+0000] {local_task_job_runner.py:240} INFO - Task exited with return code 0
[2026-02-27T04:54:27.604+0000] {taskinstance.py:3482} INFO - 0 downstream tasks scheduled from follow-on schedule check
[2026-02-27T04:54:27.607+0000] {local_task_job_runner.py:222} INFO - ::endgroup::
