[2026-02-27T04:24:37.711+0000] {local_task_job_runner.py:120} INFO - ::group::Pre task execution logs
[2026-02-27T04:24:37.743+0000] {taskinstance.py:2073} INFO - Dependencies all met for dep_context=non-requeueable deps ti=<TaskInstance: download_rocket_launcher_parallel.task_c manual__2026-02-27T04:24:29.077770+00:00 [queued]>
[2026-02-27T04:24:37.757+0000] {taskinstance.py:2073} INFO - Dependencies all met for dep_context=requeueable deps ti=<TaskInstance: download_rocket_launcher_parallel.task_c manual__2026-02-27T04:24:29.077770+00:00 [queued]>
[2026-02-27T04:24:37.759+0000] {taskinstance.py:2303} INFO - Starting attempt 1 of 1
[2026-02-27T04:24:37.795+0000] {taskinstance.py:2327} INFO - Executing <Task(BashOperator): task_c> on 2026-02-27 04:24:29.077770+00:00
[2026-02-27T04:24:37.811+0000] {warnings.py:110} WARNING - /home/***/.local/lib/python3.12/site-packages/***/task/task_runner/standard_task_runner.py:61: DeprecationWarning: This process (pid=5852) is multi-threaded, use of fork() may lead to deadlocks in the child.
  pid = os.fork()

[2026-02-27T04:24:37.819+0000] {standard_task_runner.py:63} INFO - Started process 5892 to run task
[2026-02-27T04:24:37.816+0000] {standard_task_runner.py:90} INFO - Running: ['***', 'tasks', 'run', 'download_rocket_launcher_parallel', 'task_c', 'manual__2026-02-27T04:24:29.077770+00:00', '--job-id', '22', '--raw', '--subdir', 'DAGS_FOLDER/par.py', '--cfg-path', '/tmp/tmpyhqs7l1j']
[2026-02-27T04:24:37.821+0000] {standard_task_runner.py:91} INFO - Job 22: Subtask task_c
[2026-02-27T04:24:37.964+0000] {task_command.py:426} INFO - Running <TaskInstance: download_rocket_launcher_parallel.task_c manual__2026-02-27T04:24:29.077770+00:00 [running]> on host eee3dfa392df
[2026-02-27T04:24:38.101+0000] {taskinstance.py:2644} INFO - Exporting env vars: AIRFLOW_CTX_DAG_OWNER='***' AIRFLOW_CTX_DAG_ID='download_rocket_launcher_parallel' AIRFLOW_CTX_TASK_ID='task_c' AIRFLOW_CTX_EXECUTION_DATE='2026-02-27T04:24:29.077770+00:00' AIRFLOW_CTX_TRY_NUMBER='1' AIRFLOW_CTX_DAG_RUN_ID='manual__2026-02-27T04:24:29.077770+00:00'
[2026-02-27T04:24:38.105+0000] {taskinstance.py:430} INFO - ::endgroup::
[2026-02-27T04:24:38.107+0000] {subprocess.py:63} INFO - Tmp dir root location: /tmp
[2026-02-27T04:24:38.113+0000] {subprocess.py:75} INFO - Running command: ['/usr/bin/bash', '-c', "echo 'Running parallel branch C'"]
[2026-02-27T04:24:38.133+0000] {subprocess.py:86} INFO - Output:
[2026-02-27T04:24:38.135+0000] {subprocess.py:93} INFO - Running parallel branch C
[2026-02-27T04:24:38.136+0000] {subprocess.py:97} INFO - Command exited with return code 0
[2026-02-27T04:24:38.147+0000] {taskinstance.py:441} INFO - ::group::Post task execution logs
[2026-02-27T04:24:38.182+0000] {taskinstance.py:1205} INFO - Marking task as SUCCESS. dag_id=download_rocket_launcher_parallel, task_id=task_c, execution_date=20260227T042429, start_date=20260227T042437, end_date=20260227T042438
[2026-02-27T04:24:38.236+0000] {local_task_job_runner.py:240} INFO - Task exited with return code 0
[2026-02-27T04:24:38.274+0000] {taskinstance.py:3482} INFO - 1 downstream tasks scheduled from follow-on schedule check
[2026-02-27T04:24:38.278+0000] {local_task_job_runner.py:222} INFO - ::endgroup::
