[2026-02-26T09:19:05.766+0000] {local_task_job_runner.py:120} INFO - ::group::Pre task execution logs
[2026-02-26T09:19:05.792+0000] {taskinstance.py:2073} INFO - Dependencies all met for dep_context=non-requeueable deps ti=<TaskInstance: pre_incremental_data_processing.calculate_stats manual__2026-02-26T09:18:58.318126+00:00 [queued]>
[2026-02-26T09:19:05.805+0000] {taskinstance.py:2073} INFO - Dependencies all met for dep_context=requeueable deps ti=<TaskInstance: pre_incremental_data_processing.calculate_stats manual__2026-02-26T09:18:58.318126+00:00 [queued]>
[2026-02-26T09:19:05.806+0000] {taskinstance.py:2303} INFO - Starting attempt 1 of 1
[2026-02-26T09:19:05.827+0000] {taskinstance.py:2327} INFO - Executing <Task(PythonOperator): calculate_stats> on 2026-02-26 09:18:58.318126+00:00
[2026-02-26T09:19:05.835+0000] {warnings.py:110} WARNING - /home/***/.local/lib/python3.12/site-packages/***/task/task_runner/standard_task_runner.py:61: DeprecationWarning: This process (pid=13249) is multi-threaded, use of fork() may lead to deadlocks in the child.
  pid = os.fork()

[2026-02-26T09:19:05.839+0000] {standard_task_runner.py:63} INFO - Started process 13289 to run task
[2026-02-26T09:19:05.838+0000] {standard_task_runner.py:90} INFO - Running: ['***', 'tasks', 'run', 'pre_incremental_data_processing', 'calculate_stats', 'manual__2026-02-26T09:18:58.318126+00:00', '--job-id', '12', '--raw', '--subdir', 'DAGS_FOLDER/increment_data_processing.py', '--cfg-path', '/tmp/tmpbqfc1yqk']
[2026-02-26T09:19:05.841+0000] {standard_task_runner.py:91} INFO - Job 12: Subtask calculate_stats
[2026-02-26T09:19:05.962+0000] {task_command.py:426} INFO - Running <TaskInstance: pre_incremental_data_processing.calculate_stats manual__2026-02-26T09:18:58.318126+00:00 [running]> on host eee3dfa392df
[2026-02-26T09:19:06.108+0000] {taskinstance.py:2644} INFO - Exporting env vars: AIRFLOW_CTX_DAG_OWNER='***' AIRFLOW_CTX_DAG_ID='pre_incremental_data_processing' AIRFLOW_CTX_TASK_ID='calculate_stats' AIRFLOW_CTX_EXECUTION_DATE='2026-02-26T09:18:58.318126+00:00' AIRFLOW_CTX_TRY_NUMBER='1' AIRFLOW_CTX_DAG_RUN_ID='manual__2026-02-26T09:18:58.318126+00:00'
[2026-02-26T09:19:06.110+0000] {taskinstance.py:430} INFO - ::endgroup::
[2026-02-26T09:19:06.181+0000] {logging_mixin.py:188} INFO - Processed file saved to /tmp/data/output_2026-02-26.csv
[2026-02-26T09:19:06.182+0000] {python.py:237} INFO - Done. Returned value was: None
[2026-02-26T09:19:06.183+0000] {taskinstance.py:441} INFO - ::group::Post task execution logs
[2026-02-26T09:19:06.196+0000] {taskinstance.py:1205} INFO - Marking task as SUCCESS. dag_id=pre_incremental_data_processing, task_id=calculate_stats, execution_date=20260226T091858, start_date=20260226T091905, end_date=20260226T091906
[2026-02-26T09:19:06.255+0000] {local_task_job_runner.py:240} INFO - Task exited with return code 0
[2026-02-26T09:19:06.275+0000] {taskinstance.py:3482} INFO - 0 downstream tasks scheduled from follow-on schedule check
[2026-02-26T09:19:06.278+0000] {local_task_job_runner.py:222} INFO - ::endgroup::
