[2026-02-26T05:23:02.285+0000] {local_task_job_runner.py:120} INFO - ::group::Pre task execution logs
[2026-02-26T05:23:02.320+0000] {taskinstance.py:2073} INFO - Dependencies all met for dep_context=non-requeueable deps ti=<TaskInstance: 01_unscheduled.fetch_events manual__2026-02-26T05:22:52.695235+00:00 [queued]>
[2026-02-26T05:23:02.336+0000] {taskinstance.py:2073} INFO - Dependencies all met for dep_context=requeueable deps ti=<TaskInstance: 01_unscheduled.fetch_events manual__2026-02-26T05:22:52.695235+00:00 [queued]>
[2026-02-26T05:23:02.338+0000] {taskinstance.py:2303} INFO - Starting attempt 1 of 1
[2026-02-26T05:23:02.359+0000] {taskinstance.py:2327} INFO - Executing <Task(BashOperator): fetch_events> on 2026-02-26 05:22:52.695235+00:00
[2026-02-26T05:23:02.378+0000] {warnings.py:110} WARNING - /home/***/.local/lib/python3.12/site-packages/***/task/task_runner/standard_task_runner.py:61: DeprecationWarning: This process (pid=381) is multi-threaded, use of fork() may lead to deadlocks in the child.
  pid = os.fork()

[2026-02-26T05:23:02.381+0000] {standard_task_runner.py:63} INFO - Started process 383 to run task
[2026-02-26T05:23:02.381+0000] {standard_task_runner.py:90} INFO - Running: ['***', 'tasks', 'run', '01_unscheduled', 'fetch_events', 'manual__2026-02-26T05:22:52.695235+00:00', '--job-id', '18', '--raw', '--subdir', 'DAGS_FOLDER/website_event.py', '--cfg-path', '/tmp/tmp8_c8onjb']
[2026-02-26T05:23:02.383+0000] {standard_task_runner.py:91} INFO - Job 18: Subtask fetch_events
[2026-02-26T05:23:02.500+0000] {task_command.py:426} INFO - Running <TaskInstance: 01_unscheduled.fetch_events manual__2026-02-26T05:22:52.695235+00:00 [running]> on host 2eb08213720b
[2026-02-26T05:23:02.629+0000] {taskinstance.py:2644} INFO - Exporting env vars: AIRFLOW_CTX_DAG_OWNER='***' AIRFLOW_CTX_DAG_ID='01_unscheduled' AIRFLOW_CTX_TASK_ID='fetch_events' AIRFLOW_CTX_EXECUTION_DATE='2026-02-26T05:22:52.695235+00:00' AIRFLOW_CTX_TRY_NUMBER='1' AIRFLOW_CTX_DAG_RUN_ID='manual__2026-02-26T05:22:52.695235+00:00'
[2026-02-26T05:23:02.631+0000] {taskinstance.py:430} INFO - ::endgroup::
[2026-02-26T05:23:02.633+0000] {subprocess.py:63} INFO - Tmp dir root location: /tmp
[2026-02-26T05:23:02.637+0000] {subprocess.py:75} INFO - Running command: ['/usr/bin/bash', '-c', "curl -o /tmp/events.csv -L 'https://people.sc.fsu.edu/~jburkardt/data/csv/airtravel.csv'"]
[2026-02-26T05:23:02.663+0000] {subprocess.py:86} INFO - Output:
[2026-02-26T05:23:02.724+0000] {subprocess.py:93} INFO -   % Total    % Received % Xferd  Average Speed   Time    Time     Time  Current
[2026-02-26T05:23:02.726+0000] {subprocess.py:93} INFO -                                  Dload  Upload   Total   Spent    Left  Speed
[2026-02-26T05:23:05.355+0000] {subprocess.py:93} INFO -   0     0    0     0    0     0      0      0 --:--:-- --:--:-- --:--:--     0  0     0    0     0    0     0      0      0 --:--:-- --:--:-- --:--:--     0  0     0    0     0    0     0      0      0 --:--:--  0:00:01 --:--:--     0  0     0    0     0    0     0      0      0 --:--:--  0:00:02 --:--:--     0100   321  100   321    0     0    121      0  0:00:02  0:00:02 --:--:--   122
[2026-02-26T05:23:05.359+0000] {subprocess.py:97} INFO - Command exited with return code 0
[2026-02-26T05:23:05.362+0000] {taskinstance.py:441} INFO - ::group::Post task execution logs
[2026-02-26T05:23:05.398+0000] {taskinstance.py:1205} INFO - Marking task as SUCCESS. dag_id=01_unscheduled, task_id=fetch_events, execution_date=20260226T052252, start_date=20260226T052302, end_date=20260226T052305
[2026-02-26T05:23:05.454+0000] {local_task_job_runner.py:240} INFO - Task exited with return code 0
[2026-02-26T05:23:05.485+0000] {taskinstance.py:3482} INFO - 1 downstream tasks scheduled from follow-on schedule check
[2026-02-26T05:23:05.488+0000] {local_task_job_runner.py:222} INFO - ::endgroup::
