[2026-02-27T04:54:25.654+0000] {local_task_job_runner.py:120} INFO - ::group::Pre task execution logs
[2026-02-27T04:54:25.687+0000] {taskinstance.py:2073} INFO - Dependencies all met for dep_context=non-requeueable deps ti=<TaskInstance: parallel_dag.task_h manual__2026-02-27T04:54:10.830868+00:00 [queued]>
[2026-02-27T04:54:25.700+0000] {taskinstance.py:2073} INFO - Dependencies all met for dep_context=requeueable deps ti=<TaskInstance: parallel_dag.task_h manual__2026-02-27T04:54:10.830868+00:00 [queued]>
[2026-02-27T04:54:25.702+0000] {taskinstance.py:2303} INFO - Starting attempt 1 of 1
[2026-02-27T04:54:25.718+0000] {taskinstance.py:2327} INFO - Executing <Task(BashOperator): task_h> on 2026-02-27 04:54:10.830868+00:00
[2026-02-27T04:54:25.730+0000] {warnings.py:110} WARNING - /home/***/.local/lib/python3.12/site-packages/***/task/task_runner/standard_task_runner.py:61: DeprecationWarning: This process (pid=34193) is multi-threaded, use of fork() may lead to deadlocks in the child.
  pid = os.fork()

[2026-02-27T04:54:25.751+0000] {standard_task_runner.py:63} INFO - Started process 34231 to run task
[2026-02-27T04:54:25.751+0000] {standard_task_runner.py:90} INFO - Running: ['***', 'tasks', 'run', 'parallel_dag', 'task_h', 'manual__2026-02-27T04:54:10.830868+00:00', '--job-id', '94', '--raw', '--subdir', 'DAGS_FOLDER/a8.py', '--cfg-path', '/tmp/tmp8_o_x5ot']
[2026-02-27T04:54:25.757+0000] {standard_task_runner.py:91} INFO - Job 94: Subtask task_h
[2026-02-27T04:54:26.020+0000] {task_command.py:426} INFO - Running <TaskInstance: parallel_dag.task_h manual__2026-02-27T04:54:10.830868+00:00 [running]> on host eee3dfa392df
[2026-02-27T04:54:26.242+0000] {taskinstance.py:2644} INFO - Exporting env vars: AIRFLOW_CTX_DAG_OWNER='***' AIRFLOW_CTX_DAG_ID='parallel_dag' AIRFLOW_CTX_TASK_ID='task_h' AIRFLOW_CTX_EXECUTION_DATE='2026-02-27T04:54:10.830868+00:00' AIRFLOW_CTX_TRY_NUMBER='1' AIRFLOW_CTX_DAG_RUN_ID='manual__2026-02-27T04:54:10.830868+00:00'
[2026-02-27T04:54:26.244+0000] {taskinstance.py:430} INFO - ::endgroup::
[2026-02-27T04:54:26.245+0000] {subprocess.py:63} INFO - Tmp dir root location: /tmp
[2026-02-27T04:54:26.251+0000] {subprocess.py:75} INFO - Running command: ['/usr/bin/bash', '-c', "echo 'Task H completed'"]
[2026-02-27T04:54:26.270+0000] {subprocess.py:86} INFO - Output:
[2026-02-27T04:54:26.273+0000] {subprocess.py:93} INFO - Task H completed
[2026-02-27T04:54:26.275+0000] {subprocess.py:97} INFO - Command exited with return code 0
[2026-02-27T04:54:26.286+0000] {taskinstance.py:441} INFO - ::group::Post task execution logs
[2026-02-27T04:54:26.353+0000] {taskinstance.py:1205} INFO - Marking task as SUCCESS. dag_id=parallel_dag, task_id=task_h, execution_date=20260227T045410, start_date=20260227T045425, end_date=20260227T045426
[2026-02-27T04:54:26.411+0000] {local_task_job_runner.py:240} INFO - Task exited with return code 0
[2026-02-27T04:54:26.443+0000] {taskinstance.py:3482} INFO - 0 downstream tasks scheduled from follow-on schedule check
[2026-02-27T04:54:26.447+0000] {local_task_job_runner.py:222} INFO - ::endgroup::
