[2026-02-27T04:35:43.435+0000] {local_task_job_runner.py:120} INFO - ::group::Pre task execution logs
[2026-02-27T04:35:43.494+0000] {taskinstance.py:2073} INFO - Dependencies all met for dep_context=non-requeueable deps ti=<TaskInstance: data_processing.calculate_stats scheduled__2026-02-09T00:00:00+00:00 [queued]>
[2026-02-27T04:35:43.526+0000] {taskinstance.py:2073} INFO - Dependencies all met for dep_context=requeueable deps ti=<TaskInstance: data_processing.calculate_stats scheduled__2026-02-09T00:00:00+00:00 [queued]>
[2026-02-27T04:35:43.530+0000] {taskinstance.py:2303} INFO - Starting attempt 1 of 1
[2026-02-27T04:35:43.566+0000] {taskinstance.py:2327} INFO - Executing <Task(PythonOperator): calculate_stats> on 2026-02-09 00:00:00+00:00
[2026-02-27T04:35:43.590+0000] {warnings.py:110} WARNING - /home/***/.local/lib/python3.12/site-packages/***/task/task_runner/standard_task_runner.py:61: DeprecationWarning: This process (pid=16106) is multi-threaded, use of fork() may lead to deadlocks in the child.
  pid = os.fork()

[2026-02-27T04:35:43.595+0000] {standard_task_runner.py:90} INFO - Running: ['***', 'tasks', 'run', 'data_processing', 'calculate_stats', 'scheduled__2026-02-09T00:00:00+00:00', '--job-id', '57', '--raw', '--subdir', 'DAGS_FOLDER/backfilling.py', '--cfg-path', '/tmp/tmpdh9w1v7m']
[2026-02-27T04:35:43.600+0000] {standard_task_runner.py:63} INFO - Started process 16183 to run task
[2026-02-27T04:35:43.601+0000] {standard_task_runner.py:91} INFO - Job 57: Subtask calculate_stats
[2026-02-27T04:35:43.772+0000] {task_command.py:426} INFO - Running <TaskInstance: data_processing.calculate_stats scheduled__2026-02-09T00:00:00+00:00 [running]> on host eee3dfa392df
[2026-02-27T04:35:43.963+0000] {taskinstance.py:2644} INFO - Exporting env vars: AIRFLOW_CTX_DAG_OWNER='***' AIRFLOW_CTX_DAG_ID='data_processing' AIRFLOW_CTX_TASK_ID='calculate_stats' AIRFLOW_CTX_EXECUTION_DATE='2026-02-09T00:00:00+00:00' AIRFLOW_CTX_TRY_NUMBER='1' AIRFLOW_CTX_DAG_RUN_ID='scheduled__2026-02-09T00:00:00+00:00'
[2026-02-27T04:35:43.966+0000] {taskinstance.py:430} INFO - ::endgroup::
[2026-02-27T04:35:44.050+0000] {logging_mixin.py:188} INFO - Processed file saved to /tmp/data/output_2026-02-09.csv
[2026-02-27T04:35:44.051+0000] {python.py:237} INFO - Done. Returned value was: None
[2026-02-27T04:35:44.052+0000] {taskinstance.py:441} INFO - ::group::Post task execution logs
[2026-02-27T04:35:44.077+0000] {taskinstance.py:1205} INFO - Marking task as SUCCESS. dag_id=data_processing, task_id=calculate_stats, execution_date=20260209T000000, start_date=20260227T043543, end_date=20260227T043544
[2026-02-27T04:35:44.144+0000] {local_task_job_runner.py:240} INFO - Task exited with return code 0
[2026-02-27T04:35:44.176+0000] {taskinstance.py:3482} INFO - 0 downstream tasks scheduled from follow-on schedule check
[2026-02-27T04:35:44.181+0000] {local_task_job_runner.py:222} INFO - ::endgroup::
