[2026-02-25T18:39:23.807+0000] {local_task_job_runner.py:120} INFO - ::group::Pre task execution logs
[2026-02-25T18:39:23.833+0000] {taskinstance.py:2073} INFO - Dependencies all met for dep_context=non-requeueable deps ti=<TaskInstance: download_rocket_launcher.notify manual__2026-02-25T18:38:52.363152+00:00 [queued]>
[2026-02-25T18:39:23.843+0000] {taskinstance.py:2073} INFO - Dependencies all met for dep_context=requeueable deps ti=<TaskInstance: download_rocket_launcher.notify manual__2026-02-25T18:38:52.363152+00:00 [queued]>
[2026-02-25T18:39:23.844+0000] {taskinstance.py:2303} INFO - Starting attempt 1 of 1
[2026-02-25T18:39:23.858+0000] {taskinstance.py:2327} INFO - Executing <Task(BashOperator): notify> on 2026-02-25 18:38:52.363152+00:00
[2026-02-25T18:39:23.866+0000] {warnings.py:110} WARNING - /home/***/.local/lib/python3.12/site-packages/***/task/task_runner/standard_task_runner.py:61: DeprecationWarning: This process (pid=214) is multi-threaded, use of fork() may lead to deadlocks in the child.
  pid = os.fork()

[2026-02-25T18:39:23.868+0000] {standard_task_runner.py:63} INFO - Started process 223 to run task
[2026-02-25T18:39:23.868+0000] {standard_task_runner.py:90} INFO - Running: ['***', 'tasks', 'run', 'download_rocket_launcher', 'notify', 'manual__2026-02-25T18:38:52.363152+00:00', '--job-id', '15', '--raw', '--subdir', 'DAGS_FOLDER/download_rocket_launcher.py', '--cfg-path', '/tmp/tmpw0hvkji1']
[2026-02-25T18:39:23.872+0000] {standard_task_runner.py:91} INFO - Job 15: Subtask notify
[2026-02-25T18:39:23.956+0000] {task_command.py:426} INFO - Running <TaskInstance: download_rocket_launcher.notify manual__2026-02-25T18:38:52.363152+00:00 [running]> on host d1bfb5d3e830
[2026-02-25T18:39:24.060+0000] {taskinstance.py:2644} INFO - Exporting env vars: AIRFLOW_CTX_DAG_OWNER='***' AIRFLOW_CTX_DAG_ID='download_rocket_launcher' AIRFLOW_CTX_TASK_ID='notify' AIRFLOW_CTX_EXECUTION_DATE='2026-02-25T18:38:52.363152+00:00' AIRFLOW_CTX_TRY_NUMBER='1' AIRFLOW_CTX_DAG_RUN_ID='manual__2026-02-25T18:38:52.363152+00:00'
[2026-02-25T18:39:24.063+0000] {taskinstance.py:430} INFO - ::endgroup::
[2026-02-25T18:39:24.065+0000] {subprocess.py:63} INFO - Tmp dir root location: /tmp
[2026-02-25T18:39:24.066+0000] {subprocess.py:75} INFO - Running command: ['/usr/bin/bash', '-c', 'echo "There are now $(ls /tmp/images | wc -l) images."']
[2026-02-25T18:39:24.079+0000] {subprocess.py:86} INFO - Output:
[2026-02-25T18:39:24.085+0000] {subprocess.py:93} INFO - There are now 4 images.
[2026-02-25T18:39:24.086+0000] {subprocess.py:97} INFO - Command exited with return code 0
[2026-02-25T18:39:24.087+0000] {taskinstance.py:441} INFO - ::group::Post task execution logs
[2026-02-25T18:39:24.118+0000] {taskinstance.py:1205} INFO - Marking task as SUCCESS. dag_id=download_rocket_launcher, task_id=notify, execution_date=20260225T183852, start_date=20260225T183923, end_date=20260225T183924
[2026-02-25T18:39:24.164+0000] {local_task_job_runner.py:240} INFO - Task exited with return code 0
[2026-02-25T18:39:24.181+0000] {taskinstance.py:3482} INFO - 0 downstream tasks scheduled from follow-on schedule check
[2026-02-25T18:39:24.184+0000] {local_task_job_runner.py:222} INFO - ::endgroup::
