[2026-02-26T05:26:12.628+0000] {local_task_job_runner.py:120} INFO - ::group::Pre task execution logs
[2026-02-26T05:26:12.653+0000] {taskinstance.py:2073} INFO - Dependencies all met for dep_context=non-requeueable deps ti=<TaskInstance: 01_unscheduled.fetch_events manual__2026-02-26T05:26:09.924646+00:00 [queued]>
[2026-02-26T05:26:12.668+0000] {taskinstance.py:2073} INFO - Dependencies all met for dep_context=requeueable deps ti=<TaskInstance: 01_unscheduled.fetch_events manual__2026-02-26T05:26:09.924646+00:00 [queued]>
[2026-02-26T05:26:12.672+0000] {taskinstance.py:2303} INFO - Starting attempt 1 of 1
[2026-02-26T05:26:12.693+0000] {taskinstance.py:2327} INFO - Executing <Task(BashOperator): fetch_events> on 2026-02-26 05:26:09.924646+00:00
[2026-02-26T05:26:12.704+0000] {warnings.py:110} WARNING - /home/***/.local/lib/python3.12/site-packages/***/task/task_runner/standard_task_runner.py:61: DeprecationWarning: This process (pid=448) is multi-threaded, use of fork() may lead to deadlocks in the child.
  pid = os.fork()

[2026-02-26T05:26:12.707+0000] {standard_task_runner.py:63} INFO - Started process 450 to run task
[2026-02-26T05:26:12.706+0000] {standard_task_runner.py:90} INFO - Running: ['***', 'tasks', 'run', '01_unscheduled', 'fetch_events', 'manual__2026-02-26T05:26:09.924646+00:00', '--job-id', '24', '--raw', '--subdir', 'DAGS_FOLDER/website_event.py', '--cfg-path', '/tmp/tmp_ctnvy5m']
[2026-02-26T05:26:12.708+0000] {standard_task_runner.py:91} INFO - Job 24: Subtask fetch_events
[2026-02-26T05:26:12.804+0000] {task_command.py:426} INFO - Running <TaskInstance: 01_unscheduled.fetch_events manual__2026-02-26T05:26:09.924646+00:00 [running]> on host 2eb08213720b
[2026-02-26T05:26:12.920+0000] {taskinstance.py:2644} INFO - Exporting env vars: AIRFLOW_CTX_DAG_OWNER='***' AIRFLOW_CTX_DAG_ID='01_unscheduled' AIRFLOW_CTX_TASK_ID='fetch_events' AIRFLOW_CTX_EXECUTION_DATE='2026-02-26T05:26:09.924646+00:00' AIRFLOW_CTX_TRY_NUMBER='1' AIRFLOW_CTX_DAG_RUN_ID='manual__2026-02-26T05:26:09.924646+00:00'
[2026-02-26T05:26:12.923+0000] {taskinstance.py:430} INFO - ::endgroup::
[2026-02-26T05:26:12.928+0000] {subprocess.py:63} INFO - Tmp dir root location: /tmp
[2026-02-26T05:26:12.931+0000] {subprocess.py:75} INFO - Running command: ['/usr/bin/bash', '-c', "curl -o /tmp/events.csv -L 'https://people.sc.fsu.edu/~jburkardt/data/csv/airtravel.csv'"]
[2026-02-26T05:26:12.944+0000] {subprocess.py:86} INFO - Output:
[2026-02-26T05:26:12.955+0000] {subprocess.py:93} INFO -   % Total    % Received % Xferd  Average Speed   Time    Time     Time  Current
[2026-02-26T05:26:12.956+0000] {subprocess.py:93} INFO -                                  Dload  Upload   Total   Spent    Left  Speed
[2026-02-26T05:26:13.910+0000] {subprocess.py:93} INFO -   0     0    0     0    0     0      0      0 --:--:-- --:--:-- --:--:--     0  0     0    0     0    0     0      0      0 --:--:-- --:--:-- --:--:--     0100   321  100   321    0     0    335      0 --:--:-- --:--:-- --:--:--   335
[2026-02-26T05:26:13.913+0000] {subprocess.py:97} INFO - Command exited with return code 0
[2026-02-26T05:26:13.915+0000] {taskinstance.py:441} INFO - ::group::Post task execution logs
[2026-02-26T05:26:13.949+0000] {taskinstance.py:1205} INFO - Marking task as SUCCESS. dag_id=01_unscheduled, task_id=fetch_events, execution_date=20260226T052609, start_date=20260226T052612, end_date=20260226T052613
[2026-02-26T05:26:14.008+0000] {local_task_job_runner.py:240} INFO - Task exited with return code 0
[2026-02-26T05:26:14.035+0000] {taskinstance.py:3482} INFO - 1 downstream tasks scheduled from follow-on schedule check
[2026-02-26T05:26:14.040+0000] {local_task_job_runner.py:222} INFO - ::endgroup::
