[2026-02-27T07:15:25.248+0000] {local_task_job_runner.py:120} INFO - ::group::Pre task execution logs
[2026-02-27T07:15:25.322+0000] {taskinstance.py:2073} INFO - Dependencies all met for dep_context=non-requeueable deps ti=<TaskInstance: 03_branching_dags.fetch_sales_new manual__2026-02-27T07:15:16.293383+00:00 [queued]>
[2026-02-27T07:15:25.344+0000] {taskinstance.py:2073} INFO - Dependencies all met for dep_context=requeueable deps ti=<TaskInstance: 03_branching_dags.fetch_sales_new manual__2026-02-27T07:15:16.293383+00:00 [queued]>
[2026-02-27T07:15:25.346+0000] {taskinstance.py:2303} INFO - Starting attempt 1 of 2
[2026-02-27T07:15:25.366+0000] {taskinstance.py:2327} INFO - Executing <Task(PythonOperator): fetch_sales_new> on 2026-02-27 07:15:16.293383+00:00
[2026-02-27T07:15:25.376+0000] {warnings.py:110} WARNING - /home/***/.local/lib/python3.12/site-packages/***/task/task_runner/standard_task_runner.py:61: DeprecationWarning: This process (pid=43247) is multi-threaded, use of fork() may lead to deadlocks in the child.
  pid = os.fork()

[2026-02-27T07:15:25.379+0000] {standard_task_runner.py:63} INFO - Started process 43290 to run task
[2026-02-27T07:15:25.378+0000] {standard_task_runner.py:90} INFO - Running: ['***', 'tasks', 'run', '03_branching_dags', 'fetch_sales_new', 'manual__2026-02-27T07:15:16.293383+00:00', '--job-id', '147', '--raw', '--subdir', 'DAGS_FOLDER/branching_dags.py', '--cfg-path', '/tmp/tmphwynupor']
[2026-02-27T07:15:25.383+0000] {standard_task_runner.py:91} INFO - Job 147: Subtask fetch_sales_new
[2026-02-27T07:15:25.485+0000] {task_command.py:426} INFO - Running <TaskInstance: 03_branching_dags.fetch_sales_new manual__2026-02-27T07:15:16.293383+00:00 [running]> on host eee3dfa392df
[2026-02-27T07:15:25.628+0000] {taskinstance.py:2644} INFO - Exporting env vars: AIRFLOW_CTX_DAG_OWNER='***' AIRFLOW_CTX_DAG_ID='03_branching_dags' AIRFLOW_CTX_TASK_ID='fetch_sales_new' AIRFLOW_CTX_EXECUTION_DATE='2026-02-27T07:15:16.293383+00:00' AIRFLOW_CTX_TRY_NUMBER='1' AIRFLOW_CTX_DAG_RUN_ID='manual__2026-02-27T07:15:16.293383+00:00'
[2026-02-27T07:15:25.631+0000] {taskinstance.py:430} INFO - ::endgroup::
[2026-02-27T07:15:25.633+0000] {logging_mixin.py:188} INFO - Fetching sales data from the new ERP system
[2026-02-27T07:15:25.634+0000] {python.py:237} INFO - Done. Returned value was: None
[2026-02-27T07:15:25.635+0000] {taskinstance.py:441} INFO - ::group::Post task execution logs
[2026-02-27T07:15:25.647+0000] {taskinstance.py:1205} INFO - Marking task as SUCCESS. dag_id=03_branching_dags, task_id=fetch_sales_new, execution_date=20260227T071516, start_date=20260227T071525, end_date=20260227T071525
[2026-02-27T07:15:25.675+0000] {local_task_job_runner.py:240} INFO - Task exited with return code 0
[2026-02-27T07:15:25.730+0000] {taskinstance.py:3482} INFO - 1 downstream tasks scheduled from follow-on schedule check
[2026-02-27T07:15:25.734+0000] {local_task_job_runner.py:222} INFO - ::endgroup::
