[2026-02-25T18:21:43.047+0000] {local_task_job_runner.py:120} INFO - ::group::Pre task execution logs
[2026-02-25T18:21:43.073+0000] {taskinstance.py:2073} INFO - Dependencies all met for dep_context=non-requeueable deps ti=<TaskInstance: download_rocket_launcher.download_launches manual__2026-02-25T18:21:36.834542+00:00 [queued]>
[2026-02-25T18:21:43.086+0000] {taskinstance.py:2073} INFO - Dependencies all met for dep_context=requeueable deps ti=<TaskInstance: download_rocket_launcher.download_launches manual__2026-02-25T18:21:36.834542+00:00 [queued]>
[2026-02-25T18:21:43.088+0000] {taskinstance.py:2303} INFO - Starting attempt 1 of 1
[2026-02-25T18:21:43.104+0000] {taskinstance.py:2327} INFO - Executing <Task(BashOperator): download_launches> on 2026-02-25 18:21:36.834542+00:00
[2026-02-25T18:21:43.115+0000] {warnings.py:110} WARNING - /home/***/.local/lib/python3.12/site-packages/***/task/task_runner/standard_task_runner.py:61: DeprecationWarning: This process (pid=237) is multi-threaded, use of fork() may lead to deadlocks in the child.
  pid = os.fork()

[2026-02-25T18:21:43.118+0000] {standard_task_runner.py:63} INFO - Started process 246 to run task
[2026-02-25T18:21:43.117+0000] {standard_task_runner.py:90} INFO - Running: ['***', 'tasks', 'run', 'download_rocket_launcher', 'download_launches', 'manual__2026-02-25T18:21:36.834542+00:00', '--job-id', '4', '--raw', '--subdir', 'DAGS_FOLDER/download_rocket_launcher.py', '--cfg-path', '/tmp/tmpfea8j4_e']
[2026-02-25T18:21:43.121+0000] {standard_task_runner.py:91} INFO - Job 4: Subtask download_launches
[2026-02-25T18:21:43.220+0000] {task_command.py:426} INFO - Running <TaskInstance: download_rocket_launcher.download_launches manual__2026-02-25T18:21:36.834542+00:00 [running]> on host 23af247519c5
[2026-02-25T18:21:43.329+0000] {taskinstance.py:2644} INFO - Exporting env vars: AIRFLOW_CTX_DAG_OWNER='***' AIRFLOW_CTX_DAG_ID='download_rocket_launcher' AIRFLOW_CTX_TASK_ID='download_launches' AIRFLOW_CTX_EXECUTION_DATE='2026-02-25T18:21:36.834542+00:00' AIRFLOW_CTX_TRY_NUMBER='1' AIRFLOW_CTX_DAG_RUN_ID='manual__2026-02-25T18:21:36.834542+00:00'
[2026-02-25T18:21:43.331+0000] {taskinstance.py:430} INFO - ::endgroup::
[2026-02-25T18:21:43.333+0000] {subprocess.py:63} INFO - Tmp dir root location: /tmp
[2026-02-25T18:21:43.334+0000] {subprocess.py:75} INFO - Running command: ['/usr/bin/bash', '-c', "curl -o /tmp/launches.json -L 'https://ll.thespacedevs.com/2.0.0/launch/upcoming'"]
[2026-02-25T18:21:43.346+0000] {subprocess.py:86} INFO - Output:
[2026-02-25T18:21:43.359+0000] {subprocess.py:93} INFO -   % Total    % Received % Xferd  Average Speed   Time    Time     Time  Current
[2026-02-25T18:21:43.361+0000] {subprocess.py:93} INFO -                                  Dload  Upload   Total   Spent    Left  Speed
[2026-02-25T18:21:45.044+0000] {subprocess.py:93} INFO -   0     0    0     0    0     0      0      0 --:--:-- --:--:-- --:--:--     0  0     0    0     0    0     0      0      0 --:--:-- --:--:-- --:--:--     0  0     0    0     0    0     0      0      0 --:--:--  0:00:01 --:--:--     0  0     0    0     0    0     0      0      0 --:--:--  0:00:01 --:--:--     0
[2026-02-25T18:21:45.726+0000] {subprocess.py:93} INFO - 100 25452  100 25452    0     0  10747      0  0:00:02  0:00:02 --:--:-- 10747
[2026-02-25T18:21:45.731+0000] {subprocess.py:97} INFO - Command exited with return code 0
[2026-02-25T18:21:45.735+0000] {taskinstance.py:441} INFO - ::group::Post task execution logs
[2026-02-25T18:21:45.764+0000] {taskinstance.py:1205} INFO - Marking task as SUCCESS. dag_id=download_rocket_launcher, task_id=download_launches, execution_date=20260225T182136, start_date=20260225T182143, end_date=20260225T182145
[2026-02-25T18:21:45.785+0000] {local_task_job_runner.py:240} INFO - Task exited with return code 0
[2026-02-25T18:21:45.816+0000] {taskinstance.py:3482} INFO - 0 downstream tasks scheduled from follow-on schedule check
[2026-02-25T18:21:45.820+0000] {local_task_job_runner.py:222} INFO - ::endgroup::
