[2026-02-27T04:54:49.108+0000] {local_task_job_runner.py:120} INFO - ::group::Pre task execution logs
[2026-02-27T04:54:49.136+0000] {taskinstance.py:2073} INFO - Dependencies all met for dep_context=non-requeueable deps ti=<TaskInstance: parallel_dag.notify manual__2026-02-27T04:54:10.830868+00:00 [queued]>
[2026-02-27T04:54:49.151+0000] {taskinstance.py:2073} INFO - Dependencies all met for dep_context=requeueable deps ti=<TaskInstance: parallel_dag.notify manual__2026-02-27T04:54:10.830868+00:00 [queued]>
[2026-02-27T04:54:49.152+0000] {taskinstance.py:2303} INFO - Starting attempt 1 of 1
[2026-02-27T04:54:49.169+0000] {taskinstance.py:2327} INFO - Executing <Task(BashOperator): notify> on 2026-02-27 04:54:10.830868+00:00
[2026-02-27T04:54:49.179+0000] {warnings.py:110} WARNING - /home/***/.local/lib/python3.12/site-packages/***/task/task_runner/standard_task_runner.py:61: DeprecationWarning: This process (pid=34578) is multi-threaded, use of fork() may lead to deadlocks in the child.
  pid = os.fork()

[2026-02-27T04:54:49.181+0000] {standard_task_runner.py:90} INFO - Running: ['***', 'tasks', 'run', 'parallel_dag', 'notify', 'manual__2026-02-27T04:54:10.830868+00:00', '--job-id', '97', '--raw', '--subdir', 'DAGS_FOLDER/a8.py', '--cfg-path', '/tmp/tmpm5hz4gtx']
[2026-02-27T04:54:49.185+0000] {standard_task_runner.py:63} INFO - Started process 34611 to run task
[2026-02-27T04:54:49.185+0000] {standard_task_runner.py:91} INFO - Job 97: Subtask notify
[2026-02-27T04:54:49.295+0000] {task_command.py:426} INFO - Running <TaskInstance: parallel_dag.notify manual__2026-02-27T04:54:10.830868+00:00 [running]> on host eee3dfa392df
[2026-02-27T04:54:49.459+0000] {taskinstance.py:2644} INFO - Exporting env vars: AIRFLOW_CTX_DAG_OWNER='***' AIRFLOW_CTX_DAG_ID='parallel_dag' AIRFLOW_CTX_TASK_ID='notify' AIRFLOW_CTX_EXECUTION_DATE='2026-02-27T04:54:10.830868+00:00' AIRFLOW_CTX_TRY_NUMBER='1' AIRFLOW_CTX_DAG_RUN_ID='manual__2026-02-27T04:54:10.830868+00:00'
[2026-02-27T04:54:49.465+0000] {taskinstance.py:430} INFO - ::endgroup::
[2026-02-27T04:54:49.467+0000] {subprocess.py:63} INFO - Tmp dir root location: /tmp
[2026-02-27T04:54:49.473+0000] {subprocess.py:75} INFO - Running command: ['/usr/bin/bash', '-c', 'echo "All branches completed. Total images: $(ls /tmp/images | wc -l)"']
[2026-02-27T04:54:49.498+0000] {subprocess.py:86} INFO - Output:
[2026-02-27T04:54:49.527+0000] {subprocess.py:93} INFO - All branches completed. Total images: 5
[2026-02-27T04:54:49.529+0000] {subprocess.py:97} INFO - Command exited with return code 0
[2026-02-27T04:54:49.537+0000] {taskinstance.py:441} INFO - ::group::Post task execution logs
[2026-02-27T04:54:49.567+0000] {taskinstance.py:1205} INFO - Marking task as SUCCESS. dag_id=parallel_dag, task_id=notify, execution_date=20260227T045410, start_date=20260227T045449, end_date=20260227T045449
[2026-02-27T04:54:49.642+0000] {local_task_job_runner.py:240} INFO - Task exited with return code 0
[2026-02-27T04:54:49.666+0000] {taskinstance.py:3482} INFO - 0 downstream tasks scheduled from follow-on schedule check
[2026-02-27T04:54:49.669+0000] {local_task_job_runner.py:222} INFO - ::endgroup::
