[2026-02-27T06:03:00.630+0000] {local_task_job_runner.py:120} INFO - ::group::Pre task execution logs
[2026-02-27T06:03:00.659+0000] {taskinstance.py:2073} INFO - Dependencies all met for dep_context=non-requeueable deps ti=<TaskInstance: 03_branching_dags.clean_sales_new manual__2026-02-27T06:02:50.942687+00:00 [queued]>
[2026-02-27T06:03:00.673+0000] {taskinstance.py:2073} INFO - Dependencies all met for dep_context=requeueable deps ti=<TaskInstance: 03_branching_dags.clean_sales_new manual__2026-02-27T06:02:50.942687+00:00 [queued]>
[2026-02-27T06:03:00.675+0000] {taskinstance.py:2303} INFO - Starting attempt 1 of 2
[2026-02-27T06:03:00.694+0000] {taskinstance.py:2327} INFO - Executing <Task(PythonOperator): clean_sales_new> on 2026-02-27 06:02:50.942687+00:00
[2026-02-27T06:03:00.707+0000] {warnings.py:110} WARNING - /home/***/.local/lib/python3.12/site-packages/***/task/task_runner/standard_task_runner.py:61: DeprecationWarning: This process (pid=99612) is multi-threaded, use of fork() may lead to deadlocks in the child.
  pid = os.fork()

[2026-02-27T06:03:00.710+0000] {standard_task_runner.py:90} INFO - Running: ['***', 'tasks', 'run', '03_branching_dags', 'clean_sales_new', 'manual__2026-02-27T06:02:50.942687+00:00', '--job-id', '115', '--raw', '--subdir', 'DAGS_FOLDER/branching_dags.py', '--cfg-path', '/tmp/tmpb4rgs8bs']
[2026-02-27T06:03:00.713+0000] {standard_task_runner.py:63} INFO - Started process 99641 to run task
[2026-02-27T06:03:00.714+0000] {standard_task_runner.py:91} INFO - Job 115: Subtask clean_sales_new
[2026-02-27T06:03:00.813+0000] {task_command.py:426} INFO - Running <TaskInstance: 03_branching_dags.clean_sales_new manual__2026-02-27T06:02:50.942687+00:00 [running]> on host eee3dfa392df
[2026-02-27T06:03:00.928+0000] {taskinstance.py:2644} INFO - Exporting env vars: AIRFLOW_CTX_DAG_OWNER='***' AIRFLOW_CTX_DAG_ID='03_branching_dags' AIRFLOW_CTX_TASK_ID='clean_sales_new' AIRFLOW_CTX_EXECUTION_DATE='2026-02-27T06:02:50.942687+00:00' AIRFLOW_CTX_TRY_NUMBER='1' AIRFLOW_CTX_DAG_RUN_ID='manual__2026-02-27T06:02:50.942687+00:00'
[2026-02-27T06:03:00.931+0000] {taskinstance.py:430} INFO - ::endgroup::
[2026-02-27T06:03:00.933+0000] {logging_mixin.py:188} INFO - Cleaning new sales data
[2026-02-27T06:03:00.934+0000] {python.py:237} INFO - Done. Returned value was: None
[2026-02-27T06:03:00.935+0000] {taskinstance.py:441} INFO - ::group::Post task execution logs
[2026-02-27T06:03:00.949+0000] {taskinstance.py:1205} INFO - Marking task as SUCCESS. dag_id=03_branching_dags, task_id=clean_sales_new, execution_date=20260227T060250, start_date=20260227T060300, end_date=20260227T060300
[2026-02-27T06:03:01.010+0000] {local_task_job_runner.py:240} INFO - Task exited with return code 0
[2026-02-27T06:03:01.034+0000] {taskinstance.py:3482} INFO - 0 downstream tasks scheduled from follow-on schedule check
[2026-02-27T06:03:01.038+0000] {local_task_job_runner.py:222} INFO - ::endgroup::
