[2026-02-25T18:38:55.787+0000] {local_task_job_runner.py:120} INFO - ::group::Pre task execution logs
[2026-02-25T18:38:55.807+0000] {taskinstance.py:2073} INFO - Dependencies all met for dep_context=non-requeueable deps ti=<TaskInstance: download_rocket_launcher.download_launches manual__2026-02-25T18:38:52.363152+00:00 [queued]>
[2026-02-25T18:38:55.816+0000] {taskinstance.py:2073} INFO - Dependencies all met for dep_context=requeueable deps ti=<TaskInstance: download_rocket_launcher.download_launches manual__2026-02-25T18:38:52.363152+00:00 [queued]>
[2026-02-25T18:38:55.819+0000] {taskinstance.py:2303} INFO - Starting attempt 1 of 1
[2026-02-25T18:38:55.842+0000] {taskinstance.py:2327} INFO - Executing <Task(BashOperator): download_launches> on 2026-02-25 18:38:52.363152+00:00
[2026-02-25T18:38:55.851+0000] {warnings.py:110} WARNING - /home/***/.local/lib/python3.12/site-packages/***/task/task_runner/standard_task_runner.py:61: DeprecationWarning: This process (pid=196) is multi-threaded, use of fork() may lead to deadlocks in the child.
  pid = os.fork()

[2026-02-25T18:38:55.855+0000] {standard_task_runner.py:63} INFO - Started process 199 to run task
[2026-02-25T18:38:55.854+0000] {standard_task_runner.py:90} INFO - Running: ['***', 'tasks', 'run', 'download_rocket_launcher', 'download_launches', 'manual__2026-02-25T18:38:52.363152+00:00', '--job-id', '11', '--raw', '--subdir', 'DAGS_FOLDER/download_rocket_launcher.py', '--cfg-path', '/tmp/tmpifp6v_lk']
[2026-02-25T18:38:55.860+0000] {standard_task_runner.py:91} INFO - Job 11: Subtask download_launches
[2026-02-25T18:38:55.949+0000] {task_command.py:426} INFO - Running <TaskInstance: download_rocket_launcher.download_launches manual__2026-02-25T18:38:52.363152+00:00 [running]> on host d1bfb5d3e830
[2026-02-25T18:38:56.085+0000] {taskinstance.py:2644} INFO - Exporting env vars: AIRFLOW_CTX_DAG_OWNER='***' AIRFLOW_CTX_DAG_ID='download_rocket_launcher' AIRFLOW_CTX_TASK_ID='download_launches' AIRFLOW_CTX_EXECUTION_DATE='2026-02-25T18:38:52.363152+00:00' AIRFLOW_CTX_TRY_NUMBER='1' AIRFLOW_CTX_DAG_RUN_ID='manual__2026-02-25T18:38:52.363152+00:00'
[2026-02-25T18:38:56.091+0000] {taskinstance.py:430} INFO - ::endgroup::
[2026-02-25T18:38:56.093+0000] {subprocess.py:63} INFO - Tmp dir root location: /tmp
[2026-02-25T18:38:56.094+0000] {subprocess.py:75} INFO - Running command: ['/usr/bin/bash', '-c', "curl -o /tmp/launches.json  -L 'https://ll.thespacedevs.com/2.0.0/launch/upcoming' "]
[2026-02-25T18:38:56.108+0000] {subprocess.py:86} INFO - Output:
[2026-02-25T18:38:56.119+0000] {subprocess.py:93} INFO -   % Total    % Received % Xferd  Average Speed   Time    Time     Time  Current
[2026-02-25T18:38:56.120+0000] {subprocess.py:93} INFO -                                  Dload  Upload   Total   Spent    Left  Speed
[2026-02-25T18:38:56.957+0000] {subprocess.py:93} INFO -   0     0    0     0    0     0      0      0 --:--:-- --:--:-- --:--:--     0  0     0    0     0    0     0      0      0 --:--:-- --:--:-- --:--:--     0  0     0    0     0    0     0      0      0 --:--:-- --:--:-- --:--:--     0
[2026-02-25T18:38:57.353+0000] {subprocess.py:93} INFO - 100 25452  100 25452    0     0  20616      0  0:00:01  0:00:01 --:--:-- 20616
[2026-02-25T18:38:57.356+0000] {subprocess.py:97} INFO - Command exited with return code 0
[2026-02-25T18:38:57.358+0000] {taskinstance.py:441} INFO - ::group::Post task execution logs
[2026-02-25T18:38:57.396+0000] {taskinstance.py:1205} INFO - Marking task as SUCCESS. dag_id=download_rocket_launcher, task_id=download_launches, execution_date=20260225T183852, start_date=20260225T183855, end_date=20260225T183857
[2026-02-25T18:38:57.440+0000] {local_task_job_runner.py:240} INFO - Task exited with return code 0
[2026-02-25T18:38:57.474+0000] {taskinstance.py:3482} INFO - 1 downstream tasks scheduled from follow-on schedule check
[2026-02-25T18:38:57.476+0000] {local_task_job_runner.py:222} INFO - ::endgroup::
