[2026-02-27T05:59:55.335+0000] {local_task_job_runner.py:120} INFO - ::group::Pre task execution logs
[2026-02-27T05:59:55.381+0000] {taskinstance.py:2073} INFO - Dependencies all met for dep_context=non-requeueable deps ti=<TaskInstance: 03_branching_dags.fetch_sales_new scheduled__2026-02-26T00:00:00+00:00 [queued]>
[2026-02-27T05:59:55.399+0000] {taskinstance.py:2073} INFO - Dependencies all met for dep_context=requeueable deps ti=<TaskInstance: 03_branching_dags.fetch_sales_new scheduled__2026-02-26T00:00:00+00:00 [queued]>
[2026-02-27T05:59:55.401+0000] {taskinstance.py:2303} INFO - Starting attempt 1 of 2
[2026-02-27T05:59:55.420+0000] {taskinstance.py:2327} INFO - Executing <Task(PythonOperator): fetch_sales_new> on 2026-02-26 00:00:00+00:00
[2026-02-27T05:59:55.429+0000] {warnings.py:110} WARNING - /home/***/.local/lib/python3.12/site-packages/***/task/task_runner/standard_task_runner.py:61: DeprecationWarning: This process (pid=96613) is multi-threaded, use of fork() may lead to deadlocks in the child.
  pid = os.fork()

[2026-02-27T05:59:55.431+0000] {standard_task_runner.py:63} INFO - Started process 96653 to run task
[2026-02-27T05:59:55.431+0000] {standard_task_runner.py:90} INFO - Running: ['***', 'tasks', 'run', '03_branching_dags', 'fetch_sales_new', 'scheduled__2026-02-26T00:00:00+00:00', '--job-id', '101', '--raw', '--subdir', 'DAGS_FOLDER/branching_dags.py', '--cfg-path', '/tmp/tmpe8q68sm3']
[2026-02-27T05:59:55.435+0000] {standard_task_runner.py:91} INFO - Job 101: Subtask fetch_sales_new
[2026-02-27T05:59:55.526+0000] {task_command.py:426} INFO - Running <TaskInstance: 03_branching_dags.fetch_sales_new scheduled__2026-02-26T00:00:00+00:00 [running]> on host eee3dfa392df
[2026-02-27T05:59:55.633+0000] {taskinstance.py:2644} INFO - Exporting env vars: AIRFLOW_CTX_DAG_OWNER='***' AIRFLOW_CTX_DAG_ID='03_branching_dags' AIRFLOW_CTX_TASK_ID='fetch_sales_new' AIRFLOW_CTX_EXECUTION_DATE='2026-02-26T00:00:00+00:00' AIRFLOW_CTX_TRY_NUMBER='1' AIRFLOW_CTX_DAG_RUN_ID='scheduled__2026-02-26T00:00:00+00:00'
[2026-02-27T05:59:55.636+0000] {taskinstance.py:430} INFO - ::endgroup::
[2026-02-27T05:59:55.639+0000] {logging_mixin.py:188} INFO - Fetching new sales data
[2026-02-27T05:59:55.640+0000] {python.py:237} INFO - Done. Returned value was: None
[2026-02-27T05:59:55.643+0000] {taskinstance.py:441} INFO - ::group::Post task execution logs
[2026-02-27T05:59:55.654+0000] {taskinstance.py:1205} INFO - Marking task as SUCCESS. dag_id=03_branching_dags, task_id=fetch_sales_new, execution_date=20260226T000000, start_date=20260227T055955, end_date=20260227T055955
[2026-02-27T05:59:55.686+0000] {local_task_job_runner.py:240} INFO - Task exited with return code 0
[2026-02-27T05:59:55.721+0000] {taskinstance.py:3482} INFO - 1 downstream tasks scheduled from follow-on schedule check
[2026-02-27T05:59:55.724+0000] {local_task_job_runner.py:222} INFO - ::endgroup::
