[2026-02-27T04:35:35.025+0000] {local_task_job_runner.py:120} INFO - ::group::Pre task execution logs
[2026-02-27T04:35:35.151+0000] {taskinstance.py:2073} INFO - Dependencies all met for dep_context=non-requeueable deps ti=<TaskInstance: data_processing.calculate_stats scheduled__2026-01-29T00:00:00+00:00 [queued]>
[2026-02-27T04:35:35.179+0000] {taskinstance.py:2073} INFO - Dependencies all met for dep_context=requeueable deps ti=<TaskInstance: data_processing.calculate_stats scheduled__2026-01-29T00:00:00+00:00 [queued]>
[2026-02-27T04:35:35.185+0000] {taskinstance.py:2303} INFO - Starting attempt 1 of 1
[2026-02-27T04:35:35.409+0000] {taskinstance.py:2327} INFO - Executing <Task(PythonOperator): calculate_stats> on 2026-01-29 00:00:00+00:00
[2026-02-27T04:35:35.462+0000] {warnings.py:110} WARNING - /home/***/.local/lib/python3.12/site-packages/***/task/task_runner/standard_task_runner.py:61: DeprecationWarning: This process (pid=15933) is multi-threaded, use of fork() may lead to deadlocks in the child.
  pid = os.fork()

[2026-02-27T04:35:35.490+0000] {standard_task_runner.py:63} INFO - Started process 16060 to run task
[2026-02-27T04:35:35.476+0000] {standard_task_runner.py:90} INFO - Running: ['***', 'tasks', 'run', 'data_processing', 'calculate_stats', 'scheduled__2026-01-29T00:00:00+00:00', '--job-id', '42', '--raw', '--subdir', 'DAGS_FOLDER/backfilling.py', '--cfg-path', '/tmp/tmpk0k5a4vk']
[2026-02-27T04:35:35.507+0000] {standard_task_runner.py:91} INFO - Job 42: Subtask calculate_stats
[2026-02-27T04:35:35.916+0000] {task_command.py:426} INFO - Running <TaskInstance: data_processing.calculate_stats scheduled__2026-01-29T00:00:00+00:00 [running]> on host eee3dfa392df
[2026-02-27T04:35:36.557+0000] {taskinstance.py:2644} INFO - Exporting env vars: AIRFLOW_CTX_DAG_OWNER='***' AIRFLOW_CTX_DAG_ID='data_processing' AIRFLOW_CTX_TASK_ID='calculate_stats' AIRFLOW_CTX_EXECUTION_DATE='2026-01-29T00:00:00+00:00' AIRFLOW_CTX_TRY_NUMBER='1' AIRFLOW_CTX_DAG_RUN_ID='scheduled__2026-01-29T00:00:00+00:00'
[2026-02-27T04:35:36.571+0000] {taskinstance.py:430} INFO - ::endgroup::
[2026-02-27T04:35:36.811+0000] {logging_mixin.py:188} INFO - Processed file saved to /tmp/data/output_2026-01-29.csv
[2026-02-27T04:35:36.813+0000] {python.py:237} INFO - Done. Returned value was: None
[2026-02-27T04:35:36.815+0000] {taskinstance.py:441} INFO - ::group::Post task execution logs
[2026-02-27T04:35:36.856+0000] {taskinstance.py:1205} INFO - Marking task as SUCCESS. dag_id=data_processing, task_id=calculate_stats, execution_date=20260129T000000, start_date=20260227T043535, end_date=20260227T043536
[2026-02-27T04:35:37.038+0000] {local_task_job_runner.py:240} INFO - Task exited with return code 0
[2026-02-27T04:35:37.121+0000] {taskinstance.py:3482} INFO - 0 downstream tasks scheduled from follow-on schedule check
[2026-02-27T04:35:37.148+0000] {local_task_job_runner.py:222} INFO - ::endgroup::
