[2026-02-27T04:54:17.002+0000] {local_task_job_runner.py:120} INFO - ::group::Pre task execution logs
[2026-02-27T04:54:17.041+0000] {taskinstance.py:2073} INFO - Dependencies all met for dep_context=non-requeueable deps ti=<TaskInstance: parallel_dag.download_launches manual__2026-02-27T04:54:10.830868+00:00 [queued]>
[2026-02-27T04:54:17.054+0000] {taskinstance.py:2073} INFO - Dependencies all met for dep_context=requeueable deps ti=<TaskInstance: parallel_dag.download_launches manual__2026-02-27T04:54:10.830868+00:00 [queued]>
[2026-02-27T04:54:17.056+0000] {taskinstance.py:2303} INFO - Starting attempt 1 of 1
[2026-02-27T04:54:17.075+0000] {taskinstance.py:2327} INFO - Executing <Task(BashOperator): download_launches> on 2026-02-27 04:54:10.830868+00:00
[2026-02-27T04:54:17.085+0000] {warnings.py:110} WARNING - /home/***/.local/lib/python3.12/site-packages/***/task/task_runner/standard_task_runner.py:61: DeprecationWarning: This process (pid=33999) is multi-threaded, use of fork() may lead to deadlocks in the child.
  pid = os.fork()

[2026-02-27T04:54:17.087+0000] {standard_task_runner.py:63} INFO - Started process 34078 to run task
[2026-02-27T04:54:17.087+0000] {standard_task_runner.py:90} INFO - Running: ['***', 'tasks', 'run', 'parallel_dag', 'download_launches', 'manual__2026-02-27T04:54:10.830868+00:00', '--job-id', '90', '--raw', '--subdir', 'DAGS_FOLDER/a8.py', '--cfg-path', '/tmp/tmpd9o4tlsa']
[2026-02-27T04:54:17.091+0000] {standard_task_runner.py:91} INFO - Job 90: Subtask download_launches
[2026-02-27T04:54:17.200+0000] {task_command.py:426} INFO - Running <TaskInstance: parallel_dag.download_launches manual__2026-02-27T04:54:10.830868+00:00 [running]> on host eee3dfa392df
[2026-02-27T04:54:17.310+0000] {taskinstance.py:2644} INFO - Exporting env vars: AIRFLOW_CTX_DAG_OWNER='***' AIRFLOW_CTX_DAG_ID='parallel_dag' AIRFLOW_CTX_TASK_ID='download_launches' AIRFLOW_CTX_EXECUTION_DATE='2026-02-27T04:54:10.830868+00:00' AIRFLOW_CTX_TRY_NUMBER='1' AIRFLOW_CTX_DAG_RUN_ID='manual__2026-02-27T04:54:10.830868+00:00'
[2026-02-27T04:54:17.314+0000] {taskinstance.py:430} INFO - ::endgroup::
[2026-02-27T04:54:17.316+0000] {subprocess.py:63} INFO - Tmp dir root location: /tmp
[2026-02-27T04:54:17.326+0000] {subprocess.py:75} INFO - Running command: ['/usr/bin/bash', '-c', "curl -o /tmp/launches.json -L 'https://ll.thespacedevs.com/2.0.0/launch/upcoming'"]
[2026-02-27T04:54:17.348+0000] {subprocess.py:86} INFO - Output:
[2026-02-27T04:54:17.372+0000] {subprocess.py:93} INFO -   % Total    % Received % Xferd  Average Speed   Time    Time     Time  Current
[2026-02-27T04:54:17.373+0000] {subprocess.py:93} INFO -                                  Dload  Upload   Total   Spent    Left  Speed
[2026-02-27T04:54:18.139+0000] {subprocess.py:93} INFO -   0     0    0     0    0     0      0      0 --:--:-- --:--:-- --:--:--     0  0     0    0     0    0     0      0      0 --:--:-- --:--:-- --:--:--     0  0     0    0     0    0     0      0      0 --:--:-- --:--:-- --:--:--     0
[2026-02-27T04:54:19.078+0000] {subprocess.py:93} INFO -   0 25026    0     0    0     0      0      0 --:--:--  0:00:01 --:--:--     0100 25026  100 25026    0     0  14655      0  0:00:01  0:00:01 --:--:--  309k
[2026-02-27T04:54:19.082+0000] {subprocess.py:97} INFO - Command exited with return code 0
[2026-02-27T04:54:19.091+0000] {taskinstance.py:441} INFO - ::group::Post task execution logs
[2026-02-27T04:54:19.126+0000] {taskinstance.py:1205} INFO - Marking task as SUCCESS. dag_id=parallel_dag, task_id=download_launches, execution_date=20260227T045410, start_date=20260227T045417, end_date=20260227T045419
[2026-02-27T04:54:19.193+0000] {local_task_job_runner.py:240} INFO - Task exited with return code 0
[2026-02-27T04:54:19.249+0000] {taskinstance.py:3482} INFO - 3 downstream tasks scheduled from follow-on schedule check
[2026-02-27T04:54:19.254+0000] {local_task_job_runner.py:222} INFO - ::endgroup::
