[2026-02-26T09:19:02.062+0000] {local_task_job_runner.py:120} INFO - ::group::Pre task execution logs
[2026-02-26T09:19:02.101+0000] {taskinstance.py:2073} INFO - Dependencies all met for dep_context=non-requeueable deps ti=<TaskInstance: pre_incremental_data_processing.fetch_events manual__2026-02-26T09:18:58.318126+00:00 [queued]>
[2026-02-26T09:19:02.115+0000] {taskinstance.py:2073} INFO - Dependencies all met for dep_context=requeueable deps ti=<TaskInstance: pre_incremental_data_processing.fetch_events manual__2026-02-26T09:18:58.318126+00:00 [queued]>
[2026-02-26T09:19:02.133+0000] {taskinstance.py:2303} INFO - Starting attempt 1 of 1
[2026-02-26T09:19:02.159+0000] {taskinstance.py:2327} INFO - Executing <Task(BashOperator): fetch_events> on 2026-02-26 09:18:58.318126+00:00
[2026-02-26T09:19:02.172+0000] {warnings.py:110} WARNING - /home/***/.local/lib/python3.12/site-packages/***/task/task_runner/standard_task_runner.py:61: DeprecationWarning: This process (pid=13167) is multi-threaded, use of fork() may lead to deadlocks in the child.
  pid = os.fork()

[2026-02-26T09:19:02.175+0000] {standard_task_runner.py:63} INFO - Started process 13211 to run task
[2026-02-26T09:19:02.175+0000] {standard_task_runner.py:90} INFO - Running: ['***', 'tasks', 'run', 'pre_incremental_data_processing', 'fetch_events', 'manual__2026-02-26T09:18:58.318126+00:00', '--job-id', '11', '--raw', '--subdir', 'DAGS_FOLDER/increment_data_processing.py', '--cfg-path', '/tmp/tmp5xwh6tf3']
[2026-02-26T09:19:02.182+0000] {standard_task_runner.py:91} INFO - Job 11: Subtask fetch_events
[2026-02-26T09:19:02.317+0000] {task_command.py:426} INFO - Running <TaskInstance: pre_incremental_data_processing.fetch_events manual__2026-02-26T09:18:58.318126+00:00 [running]> on host eee3dfa392df
[2026-02-26T09:19:02.511+0000] {taskinstance.py:2644} INFO - Exporting env vars: AIRFLOW_CTX_DAG_OWNER='***' AIRFLOW_CTX_DAG_ID='pre_incremental_data_processing' AIRFLOW_CTX_TASK_ID='fetch_events' AIRFLOW_CTX_EXECUTION_DATE='2026-02-26T09:18:58.318126+00:00' AIRFLOW_CTX_TRY_NUMBER='1' AIRFLOW_CTX_DAG_RUN_ID='manual__2026-02-26T09:18:58.318126+00:00'
[2026-02-26T09:19:02.514+0000] {taskinstance.py:430} INFO - ::endgroup::
[2026-02-26T09:19:02.516+0000] {subprocess.py:63} INFO - Tmp dir root location: /tmp
[2026-02-26T09:19:02.522+0000] {subprocess.py:75} INFO - Running command: ['/usr/bin/bash', '-c', "mkdir -p /tmp/data && echo 'START=2026-02-25 00:00:00+00:00 END=2026-02-26 00:00:00+00:00' && curl -s -o /tmp/data/events_2026-02-26.json 'http://events_api:5000/events?start_date=2026-02-24&end_date=2026-02-26'"]
[2026-02-26T09:19:02.545+0000] {subprocess.py:86} INFO - Output:
[2026-02-26T09:19:02.559+0000] {subprocess.py:93} INFO - START=2026-02-25 00:00:00+00:00 END=2026-02-26 00:00:00+00:00
[2026-02-26T09:19:02.633+0000] {subprocess.py:97} INFO - Command exited with return code 0
[2026-02-26T09:19:02.645+0000] {taskinstance.py:441} INFO - ::group::Post task execution logs
[2026-02-26T09:19:02.682+0000] {taskinstance.py:1205} INFO - Marking task as SUCCESS. dag_id=pre_incremental_data_processing, task_id=fetch_events, execution_date=20260226T091858, start_date=20260226T091902, end_date=20260226T091902
[2026-02-26T09:19:02.715+0000] {local_task_job_runner.py:240} INFO - Task exited with return code 0
[2026-02-26T09:19:02.744+0000] {taskinstance.py:3482} INFO - 1 downstream tasks scheduled from follow-on schedule check
[2026-02-26T09:19:02.747+0000] {local_task_job_runner.py:222} INFO - ::endgroup::
