[2026-02-27T04:35:41.423+0000] {local_task_job_runner.py:120} INFO - ::group::Pre task execution logs
[2026-02-27T04:35:41.525+0000] {taskinstance.py:2073} INFO - Dependencies all met for dep_context=non-requeueable deps ti=<TaskInstance: data_processing.calculate_stats scheduled__2026-02-05T00:00:00+00:00 [queued]>
[2026-02-27T04:35:41.554+0000] {taskinstance.py:2073} INFO - Dependencies all met for dep_context=requeueable deps ti=<TaskInstance: data_processing.calculate_stats scheduled__2026-02-05T00:00:00+00:00 [queued]>
[2026-02-27T04:35:41.557+0000] {taskinstance.py:2303} INFO - Starting attempt 1 of 1
[2026-02-27T04:35:41.595+0000] {taskinstance.py:2327} INFO - Executing <Task(PythonOperator): calculate_stats> on 2026-02-05 00:00:00+00:00
[2026-02-27T04:35:41.629+0000] {warnings.py:110} WARNING - /home/***/.local/lib/python3.12/site-packages/***/task/task_runner/standard_task_runner.py:61: DeprecationWarning: This process (pid=16020) is multi-threaded, use of fork() may lead to deadlocks in the child.
  pid = os.fork()

[2026-02-27T04:35:41.634+0000] {standard_task_runner.py:63} INFO - Started process 16151 to run task
[2026-02-27T04:35:41.645+0000] {standard_task_runner.py:90} INFO - Running: ['***', 'tasks', 'run', 'data_processing', 'calculate_stats', 'scheduled__2026-02-05T00:00:00+00:00', '--job-id', '51', '--raw', '--subdir', 'DAGS_FOLDER/backfilling.py', '--cfg-path', '/tmp/tmpg4fh4d4b']
[2026-02-27T04:35:41.653+0000] {standard_task_runner.py:91} INFO - Job 51: Subtask calculate_stats
[2026-02-27T04:35:41.938+0000] {task_command.py:426} INFO - Running <TaskInstance: data_processing.calculate_stats scheduled__2026-02-05T00:00:00+00:00 [running]> on host eee3dfa392df
[2026-02-27T04:35:42.225+0000] {taskinstance.py:2644} INFO - Exporting env vars: AIRFLOW_CTX_DAG_OWNER='***' AIRFLOW_CTX_DAG_ID='data_processing' AIRFLOW_CTX_TASK_ID='calculate_stats' AIRFLOW_CTX_EXECUTION_DATE='2026-02-05T00:00:00+00:00' AIRFLOW_CTX_TRY_NUMBER='1' AIRFLOW_CTX_DAG_RUN_ID='scheduled__2026-02-05T00:00:00+00:00'
[2026-02-27T04:35:42.229+0000] {taskinstance.py:430} INFO - ::endgroup::
[2026-02-27T04:35:42.436+0000] {logging_mixin.py:188} INFO - Processed file saved to /tmp/data/output_2026-02-05.csv
[2026-02-27T04:35:42.441+0000] {python.py:237} INFO - Done. Returned value was: None
[2026-02-27T04:35:42.444+0000] {taskinstance.py:441} INFO - ::group::Post task execution logs
[2026-02-27T04:35:42.472+0000] {taskinstance.py:1205} INFO - Marking task as SUCCESS. dag_id=data_processing, task_id=calculate_stats, execution_date=20260205T000000, start_date=20260227T043541, end_date=20260227T043542
[2026-02-27T04:35:42.559+0000] {local_task_job_runner.py:240} INFO - Task exited with return code 0
[2026-02-27T04:35:42.605+0000] {taskinstance.py:3482} INFO - 0 downstream tasks scheduled from follow-on schedule check
[2026-02-27T04:35:42.609+0000] {local_task_job_runner.py:222} INFO - ::endgroup::
