[2026-02-27T04:36:05.900+0000] {local_task_job_runner.py:120} INFO - ::group::Pre task execution logs
[2026-02-27T04:36:05.953+0000] {taskinstance.py:2073} INFO - Dependencies all met for dep_context=non-requeueable deps ti=<TaskInstance: data_processing.calculate_stats scheduled__2026-02-22T00:00:00+00:00 [queued]>
[2026-02-27T04:36:05.972+0000] {taskinstance.py:2073} INFO - Dependencies all met for dep_context=requeueable deps ti=<TaskInstance: data_processing.calculate_stats scheduled__2026-02-22T00:00:00+00:00 [queued]>
[2026-02-27T04:36:05.975+0000] {taskinstance.py:2303} INFO - Starting attempt 1 of 1
[2026-02-27T04:36:06.001+0000] {taskinstance.py:2327} INFO - Executing <Task(PythonOperator): calculate_stats> on 2026-02-22 00:00:00+00:00
[2026-02-27T04:36:06.016+0000] {warnings.py:110} WARNING - /home/***/.local/lib/python3.12/site-packages/***/task/task_runner/standard_task_runner.py:61: DeprecationWarning: This process (pid=16491) is multi-threaded, use of fork() may lead to deadlocks in the child.
  pid = os.fork()

[2026-02-27T04:36:06.020+0000] {standard_task_runner.py:63} INFO - Started process 16577 to run task
[2026-02-27T04:36:06.020+0000] {standard_task_runner.py:90} INFO - Running: ['***', 'tasks', 'run', 'data_processing', 'calculate_stats', 'scheduled__2026-02-22T00:00:00+00:00', '--job-id', '86', '--raw', '--subdir', 'DAGS_FOLDER/backfilling.py', '--cfg-path', '/tmp/tmpgc1f15v1']
[2026-02-27T04:36:06.022+0000] {standard_task_runner.py:91} INFO - Job 86: Subtask calculate_stats
[2026-02-27T04:36:06.174+0000] {task_command.py:426} INFO - Running <TaskInstance: data_processing.calculate_stats scheduled__2026-02-22T00:00:00+00:00 [running]> on host eee3dfa392df
[2026-02-27T04:36:06.389+0000] {taskinstance.py:2644} INFO - Exporting env vars: AIRFLOW_CTX_DAG_OWNER='***' AIRFLOW_CTX_DAG_ID='data_processing' AIRFLOW_CTX_TASK_ID='calculate_stats' AIRFLOW_CTX_EXECUTION_DATE='2026-02-22T00:00:00+00:00' AIRFLOW_CTX_TRY_NUMBER='1' AIRFLOW_CTX_DAG_RUN_ID='scheduled__2026-02-22T00:00:00+00:00'
[2026-02-27T04:36:06.393+0000] {taskinstance.py:430} INFO - ::endgroup::
[2026-02-27T04:36:06.501+0000] {logging_mixin.py:188} INFO - Processed file saved to /tmp/data/output_2026-02-22.csv
[2026-02-27T04:36:06.503+0000] {python.py:237} INFO - Done. Returned value was: None
[2026-02-27T04:36:06.504+0000] {taskinstance.py:441} INFO - ::group::Post task execution logs
[2026-02-27T04:36:06.537+0000] {taskinstance.py:1205} INFO - Marking task as SUCCESS. dag_id=data_processing, task_id=calculate_stats, execution_date=20260222T000000, start_date=20260227T043605, end_date=20260227T043606
[2026-02-27T04:36:06.605+0000] {local_task_job_runner.py:240} INFO - Task exited with return code 0
[2026-02-27T04:36:06.662+0000] {taskinstance.py:3482} INFO - 0 downstream tasks scheduled from follow-on schedule check
[2026-02-27T04:36:06.668+0000] {local_task_job_runner.py:222} INFO - ::endgroup::
