[2026-02-27T07:17:49.337+0000] {local_task_job_runner.py:120} INFO - ::group::Pre task execution logs
[2026-02-27T07:17:49.414+0000] {taskinstance.py:2073} INFO - Dependencies all met for dep_context=non-requeueable deps ti=<TaskInstance: 03_branching_dags.clean_sales_new manual__2026-02-27T07:17:35.803752+00:00 [queued]>
[2026-02-27T07:17:49.453+0000] {taskinstance.py:2073} INFO - Dependencies all met for dep_context=requeueable deps ti=<TaskInstance: 03_branching_dags.clean_sales_new manual__2026-02-27T07:17:35.803752+00:00 [queued]>
[2026-02-27T07:17:49.477+0000] {taskinstance.py:2303} INFO - Starting attempt 1 of 2
[2026-02-27T07:17:49.513+0000] {taskinstance.py:2327} INFO - Executing <Task(PythonOperator): clean_sales_new> on 2026-02-27 07:17:35.803752+00:00
[2026-02-27T07:17:49.539+0000] {warnings.py:110} WARNING - /home/***/.local/lib/python3.12/site-packages/***/task/task_runner/standard_task_runner.py:61: DeprecationWarning: This process (pid=45467) is multi-threaded, use of fork() may lead to deadlocks in the child.
  pid = os.fork()

[2026-02-27T07:17:49.542+0000] {standard_task_runner.py:90} INFO - Running: ['***', 'tasks', 'run', '03_branching_dags', 'clean_sales_new', 'manual__2026-02-27T07:17:35.803752+00:00', '--job-id', '151', '--raw', '--subdir', 'DAGS_FOLDER/branching_dags.py', '--cfg-path', '/tmp/tmpsb6saupn']
[2026-02-27T07:17:49.550+0000] {standard_task_runner.py:63} INFO - Started process 45519 to run task
[2026-02-27T07:17:49.562+0000] {standard_task_runner.py:91} INFO - Job 151: Subtask clean_sales_new
[2026-02-27T07:17:49.725+0000] {task_command.py:426} INFO - Running <TaskInstance: 03_branching_dags.clean_sales_new manual__2026-02-27T07:17:35.803752+00:00 [running]> on host eee3dfa392df
[2026-02-27T07:17:49.938+0000] {taskinstance.py:2644} INFO - Exporting env vars: AIRFLOW_CTX_DAG_OWNER='***' AIRFLOW_CTX_DAG_ID='03_branching_dags' AIRFLOW_CTX_TASK_ID='clean_sales_new' AIRFLOW_CTX_EXECUTION_DATE='2026-02-27T07:17:35.803752+00:00' AIRFLOW_CTX_TRY_NUMBER='1' AIRFLOW_CTX_DAG_RUN_ID='manual__2026-02-27T07:17:35.803752+00:00'
[2026-02-27T07:17:49.943+0000] {taskinstance.py:430} INFO - ::endgroup::
[2026-02-27T07:17:49.945+0000] {logging_mixin.py:188} INFO - Cleaning sales data from the new ERP system
[2026-02-27T07:17:49.947+0000] {python.py:237} INFO - Done. Returned value was: None
[2026-02-27T07:17:49.951+0000] {taskinstance.py:441} INFO - ::group::Post task execution logs
[2026-02-27T07:17:49.973+0000] {taskinstance.py:1205} INFO - Marking task as SUCCESS. dag_id=03_branching_dags, task_id=clean_sales_new, execution_date=20260227T071735, start_date=20260227T071749, end_date=20260227T071749
[2026-02-27T07:17:50.024+0000] {local_task_job_runner.py:240} INFO - Task exited with return code 0
[2026-02-27T07:17:50.114+0000] {taskinstance.py:3482} INFO - 0 downstream tasks scheduled from follow-on schedule check
[2026-02-27T07:17:50.120+0000] {local_task_job_runner.py:222} INFO - ::endgroup::
