[2026-02-27T04:24:32.032+0000] {local_task_job_runner.py:120} INFO - ::group::Pre task execution logs
[2026-02-27T04:24:32.067+0000] {taskinstance.py:2073} INFO - Dependencies all met for dep_context=non-requeueable deps ti=<TaskInstance: download_rocket_launcher_parallel.download_launches manual__2026-02-27T04:24:29.077770+00:00 [queued]>
[2026-02-27T04:24:32.080+0000] {taskinstance.py:2073} INFO - Dependencies all met for dep_context=requeueable deps ti=<TaskInstance: download_rocket_launcher_parallel.download_launches manual__2026-02-27T04:24:29.077770+00:00 [queued]>
[2026-02-27T04:24:32.081+0000] {taskinstance.py:2303} INFO - Starting attempt 1 of 1
[2026-02-27T04:24:32.114+0000] {taskinstance.py:2327} INFO - Executing <Task(BashOperator): download_launches> on 2026-02-27 04:24:29.077770+00:00
[2026-02-27T04:24:32.128+0000] {warnings.py:110} WARNING - /home/***/.local/lib/python3.12/site-packages/***/task/task_runner/standard_task_runner.py:61: DeprecationWarning: This process (pid=5753) is multi-threaded, use of fork() may lead to deadlocks in the child.
  pid = os.fork()

[2026-02-27T04:24:32.132+0000] {standard_task_runner.py:63} INFO - Started process 5793 to run task
[2026-02-27T04:24:32.134+0000] {standard_task_runner.py:90} INFO - Running: ['***', 'tasks', 'run', 'download_rocket_launcher_parallel', 'download_launches', 'manual__2026-02-27T04:24:29.077770+00:00', '--job-id', '20', '--raw', '--subdir', 'DAGS_FOLDER/par.py', '--cfg-path', '/tmp/tmpda1dpl6t']
[2026-02-27T04:24:32.139+0000] {standard_task_runner.py:91} INFO - Job 20: Subtask download_launches
[2026-02-27T04:24:32.272+0000] {task_command.py:426} INFO - Running <TaskInstance: download_rocket_launcher_parallel.download_launches manual__2026-02-27T04:24:29.077770+00:00 [running]> on host eee3dfa392df
[2026-02-27T04:24:32.429+0000] {taskinstance.py:2644} INFO - Exporting env vars: AIRFLOW_CTX_DAG_OWNER='***' AIRFLOW_CTX_DAG_ID='download_rocket_launcher_parallel' AIRFLOW_CTX_TASK_ID='download_launches' AIRFLOW_CTX_EXECUTION_DATE='2026-02-27T04:24:29.077770+00:00' AIRFLOW_CTX_TRY_NUMBER='1' AIRFLOW_CTX_DAG_RUN_ID='manual__2026-02-27T04:24:29.077770+00:00'
[2026-02-27T04:24:32.432+0000] {taskinstance.py:430} INFO - ::endgroup::
[2026-02-27T04:24:32.433+0000] {subprocess.py:63} INFO - Tmp dir root location: /tmp
[2026-02-27T04:24:32.437+0000] {subprocess.py:75} INFO - Running command: ['/usr/bin/bash', '-c', "curl -o /tmp/launches.json -L 'https://ll.thespacedevs.com/2.0.0/launch/upcoming'"]
[2026-02-27T04:24:32.454+0000] {subprocess.py:86} INFO - Output:
[2026-02-27T04:24:32.469+0000] {subprocess.py:93} INFO -   % Total    % Received % Xferd  Average Speed   Time    Time     Time  Current
[2026-02-27T04:24:32.470+0000] {subprocess.py:93} INFO -                                  Dload  Upload   Total   Spent    Left  Speed
[2026-02-27T04:24:33.401+0000] {subprocess.py:93} INFO -   0     0    0     0    0     0      0      0 --:--:-- --:--:-- --:--:--     0  0     0    0     0    0     0      0      0 --:--:-- --:--:-- --:--:--     0  0     0    0     0    0     0      0      0 --:--:-- --:--:-- --:--:--     0
[2026-02-27T04:24:34.397+0000] {subprocess.py:93} INFO -  46 25026   46 11570    0     0   6259      0  0:00:03  0:00:01  0:00:02  6259100 25026  100 25026    0     0  12983      0  0:00:01  0:00:01 --:--:--  166k
[2026-02-27T04:24:34.401+0000] {subprocess.py:97} INFO - Command exited with return code 0
[2026-02-27T04:24:34.413+0000] {taskinstance.py:441} INFO - ::group::Post task execution logs
[2026-02-27T04:24:34.450+0000] {taskinstance.py:1205} INFO - Marking task as SUCCESS. dag_id=download_rocket_launcher_parallel, task_id=download_launches, execution_date=20260227T042429, start_date=20260227T042432, end_date=20260227T042434
[2026-02-27T04:24:34.482+0000] {local_task_job_runner.py:240} INFO - Task exited with return code 0
[2026-02-27T04:24:34.525+0000] {taskinstance.py:3482} INFO - 2 downstream tasks scheduled from follow-on schedule check
[2026-02-27T04:24:34.529+0000] {local_task_job_runner.py:222} INFO - ::endgroup::
