[2026-02-25T18:22:12.217+0000] {local_task_job_runner.py:120} INFO - ::group::Pre task execution logs
[2026-02-25T18:22:12.241+0000] {taskinstance.py:2073} INFO - Dependencies all met for dep_context=non-requeueable deps ti=<TaskInstance: download_rocket_launcher.notify manual__2026-02-25T18:21:36.834542+00:00 [queued]>
[2026-02-25T18:22:12.251+0000] {taskinstance.py:2073} INFO - Dependencies all met for dep_context=requeueable deps ti=<TaskInstance: download_rocket_launcher.notify manual__2026-02-25T18:21:36.834542+00:00 [queued]>
[2026-02-25T18:22:12.252+0000] {taskinstance.py:2303} INFO - Starting attempt 1 of 1
[2026-02-25T18:22:12.265+0000] {taskinstance.py:2327} INFO - Executing <Task(BashOperator): notify> on 2026-02-25 18:21:36.834542+00:00
[2026-02-25T18:22:12.273+0000] {warnings.py:110} WARNING - /home/***/.local/lib/python3.12/site-packages/***/task/task_runner/standard_task_runner.py:61: DeprecationWarning: This process (pid=252) is multi-threaded, use of fork() may lead to deadlocks in the child.
  pid = os.fork()

[2026-02-25T18:22:12.275+0000] {standard_task_runner.py:90} INFO - Running: ['***', 'tasks', 'run', 'download_rocket_launcher', 'notify', 'manual__2026-02-25T18:21:36.834542+00:00', '--job-id', '6', '--raw', '--subdir', 'DAGS_FOLDER/download_rocket_launcher.py', '--cfg-path', '/tmp/tmp20dstr0y']
[2026-02-25T18:22:12.280+0000] {standard_task_runner.py:63} INFO - Started process 254 to run task
[2026-02-25T18:22:12.281+0000] {standard_task_runner.py:91} INFO - Job 6: Subtask notify
[2026-02-25T18:22:12.365+0000] {task_command.py:426} INFO - Running <TaskInstance: download_rocket_launcher.notify manual__2026-02-25T18:21:36.834542+00:00 [running]> on host 23af247519c5
[2026-02-25T18:22:12.460+0000] {taskinstance.py:2644} INFO - Exporting env vars: AIRFLOW_CTX_DAG_OWNER='***' AIRFLOW_CTX_DAG_ID='download_rocket_launcher' AIRFLOW_CTX_TASK_ID='notify' AIRFLOW_CTX_EXECUTION_DATE='2026-02-25T18:21:36.834542+00:00' AIRFLOW_CTX_TRY_NUMBER='1' AIRFLOW_CTX_DAG_RUN_ID='manual__2026-02-25T18:21:36.834542+00:00'
[2026-02-25T18:22:12.463+0000] {taskinstance.py:430} INFO - ::endgroup::
[2026-02-25T18:22:12.464+0000] {subprocess.py:63} INFO - Tmp dir root location: /tmp
[2026-02-25T18:22:12.466+0000] {subprocess.py:75} INFO - Running command: ['/usr/bin/bash', '-c', 'echo "There are now $(ls /tmp/images | wc -l) images."']
[2026-02-25T18:22:12.477+0000] {subprocess.py:86} INFO - Output:
[2026-02-25T18:22:12.485+0000] {subprocess.py:93} INFO - There are now 4 images.
[2026-02-25T18:22:12.486+0000] {subprocess.py:97} INFO - Command exited with return code 0
[2026-02-25T18:22:12.487+0000] {taskinstance.py:441} INFO - ::group::Post task execution logs
[2026-02-25T18:22:12.516+0000] {taskinstance.py:1205} INFO - Marking task as SUCCESS. dag_id=download_rocket_launcher, task_id=notify, execution_date=20260225T182136, start_date=20260225T182212, end_date=20260225T182212
[2026-02-25T18:22:12.536+0000] {local_task_job_runner.py:240} INFO - Task exited with return code 0
[2026-02-25T18:22:12.554+0000] {taskinstance.py:3482} INFO - 0 downstream tasks scheduled from follow-on schedule check
[2026-02-25T18:22:12.557+0000] {local_task_job_runner.py:222} INFO - ::endgroup::
