[2026-02-26T09:18:58.515+0000] {local_task_job_runner.py:120} INFO - ::group::Pre task execution logs
[2026-02-26T09:18:58.549+0000] {taskinstance.py:2073} INFO - Dependencies all met for dep_context=non-requeueable deps ti=<TaskInstance: pre_incremental_data_processing.calculate_stats scheduled__2026-02-25T00:00:00+00:00 [queued]>
[2026-02-26T09:18:58.566+0000] {taskinstance.py:2073} INFO - Dependencies all met for dep_context=requeueable deps ti=<TaskInstance: pre_incremental_data_processing.calculate_stats scheduled__2026-02-25T00:00:00+00:00 [queued]>
[2026-02-26T09:18:58.568+0000] {taskinstance.py:2303} INFO - Starting attempt 1 of 1
[2026-02-26T09:18:58.597+0000] {taskinstance.py:2327} INFO - Executing <Task(PythonOperator): calculate_stats> on 2026-02-25 00:00:00+00:00
[2026-02-26T09:18:58.610+0000] {warnings.py:110} WARNING - /home/***/.local/lib/python3.12/site-packages/***/task/task_runner/standard_task_runner.py:61: DeprecationWarning: This process (pid=13115) is multi-threaded, use of fork() may lead to deadlocks in the child.
  pid = os.fork()

[2026-02-26T09:18:58.615+0000] {standard_task_runner.py:90} INFO - Running: ['***', 'tasks', 'run', 'pre_incremental_data_processing', 'calculate_stats', 'scheduled__2026-02-25T00:00:00+00:00', '--job-id', '10', '--raw', '--subdir', 'DAGS_FOLDER/increment_data_processing.py', '--cfg-path', '/tmp/tmpee4w4zzg']
[2026-02-26T09:18:58.618+0000] {standard_task_runner.py:63} INFO - Started process 13158 to run task
[2026-02-26T09:18:58.621+0000] {standard_task_runner.py:91} INFO - Job 10: Subtask calculate_stats
[2026-02-26T09:18:58.755+0000] {task_command.py:426} INFO - Running <TaskInstance: pre_incremental_data_processing.calculate_stats scheduled__2026-02-25T00:00:00+00:00 [running]> on host eee3dfa392df
[2026-02-26T09:18:59.065+0000] {taskinstance.py:2644} INFO - Exporting env vars: AIRFLOW_CTX_DAG_OWNER='***' AIRFLOW_CTX_DAG_ID='pre_incremental_data_processing' AIRFLOW_CTX_TASK_ID='calculate_stats' AIRFLOW_CTX_EXECUTION_DATE='2026-02-25T00:00:00+00:00' AIRFLOW_CTX_TRY_NUMBER='1' AIRFLOW_CTX_DAG_RUN_ID='scheduled__2026-02-25T00:00:00+00:00'
[2026-02-26T09:18:59.072+0000] {taskinstance.py:430} INFO - ::endgroup::
[2026-02-26T09:18:59.284+0000] {logging_mixin.py:188} INFO - Processed file saved to /tmp/data/output_2026-02-25.csv
[2026-02-26T09:18:59.286+0000] {python.py:237} INFO - Done. Returned value was: None
[2026-02-26T09:18:59.288+0000] {taskinstance.py:441} INFO - ::group::Post task execution logs
[2026-02-26T09:18:59.313+0000] {taskinstance.py:1205} INFO - Marking task as SUCCESS. dag_id=pre_incremental_data_processing, task_id=calculate_stats, execution_date=20260225T000000, start_date=20260226T091858, end_date=20260226T091859
[2026-02-26T09:18:59.359+0000] {local_task_job_runner.py:240} INFO - Task exited with return code 0
[2026-02-26T09:18:59.402+0000] {taskinstance.py:3482} INFO - 0 downstream tasks scheduled from follow-on schedule check
[2026-02-26T09:18:59.406+0000] {local_task_job_runner.py:222} INFO - ::endgroup::
