[2026-02-27T07:15:21.886+0000] {local_task_job_runner.py:120} INFO - ::group::Pre task execution logs
[2026-02-27T07:15:21.948+0000] {taskinstance.py:2073} INFO - Dependencies all met for dep_context=non-requeueable deps ti=<TaskInstance: 03_branching_dags.pick_erp_system manual__2026-02-27T07:15:16.293383+00:00 [queued]>
[2026-02-27T07:15:21.973+0000] {taskinstance.py:2073} INFO - Dependencies all met for dep_context=requeueable deps ti=<TaskInstance: 03_branching_dags.pick_erp_system manual__2026-02-27T07:15:16.293383+00:00 [queued]>
[2026-02-27T07:15:21.975+0000] {taskinstance.py:2303} INFO - Starting attempt 1 of 2
[2026-02-27T07:15:22.010+0000] {taskinstance.py:2327} INFO - Executing <Task(BranchPythonOperator): pick_erp_system> on 2026-02-27 07:15:16.293383+00:00
[2026-02-27T07:15:22.032+0000] {warnings.py:110} WARNING - /home/***/.local/lib/python3.12/site-packages/***/task/task_runner/standard_task_runner.py:61: DeprecationWarning: This process (pid=43176) is multi-threaded, use of fork() may lead to deadlocks in the child.
  pid = os.fork()

[2026-02-27T07:15:22.037+0000] {standard_task_runner.py:63} INFO - Started process 43225 to run task
[2026-02-27T07:15:22.036+0000] {standard_task_runner.py:90} INFO - Running: ['***', 'tasks', 'run', '03_branching_dags', 'pick_erp_system', 'manual__2026-02-27T07:15:16.293383+00:00', '--job-id', '145', '--raw', '--subdir', 'DAGS_FOLDER/branching_dags.py', '--cfg-path', '/tmp/tmpbzfnmh_x']
[2026-02-27T07:15:22.042+0000] {standard_task_runner.py:91} INFO - Job 145: Subtask pick_erp_system
[2026-02-27T07:15:22.179+0000] {task_command.py:426} INFO - Running <TaskInstance: 03_branching_dags.pick_erp_system manual__2026-02-27T07:15:16.293383+00:00 [running]> on host eee3dfa392df
[2026-02-27T07:15:22.405+0000] {taskinstance.py:2644} INFO - Exporting env vars: AIRFLOW_CTX_DAG_OWNER='***' AIRFLOW_CTX_DAG_ID='03_branching_dags' AIRFLOW_CTX_TASK_ID='pick_erp_system' AIRFLOW_CTX_EXECUTION_DATE='2026-02-27T07:15:16.293383+00:00' AIRFLOW_CTX_TRY_NUMBER='1' AIRFLOW_CTX_DAG_RUN_ID='manual__2026-02-27T07:15:16.293383+00:00'
[2026-02-27T07:15:22.409+0000] {taskinstance.py:430} INFO - ::endgroup::
[2026-02-27T07:15:22.412+0000] {baseoperator.py:399} WARNING - BranchPythonOperator.execute cannot be called outside TaskInstance!
[2026-02-27T07:15:22.416+0000] {python.py:237} INFO - Done. Returned value was: fetch_sales_new
[2026-02-27T07:15:22.417+0000] {branch.py:36} INFO - Branch into fetch_sales_new
[2026-02-27T07:15:22.419+0000] {skipmixin.py:178} INFO - Following branch fetch_sales_new
[2026-02-27T07:15:22.457+0000] {skipmixin.py:246} INFO - Skipping tasks [('fetch_sales_old', -1)]
[2026-02-27T07:15:22.523+0000] {taskinstance.py:441} INFO - ::group::Post task execution logs
[2026-02-27T07:15:22.561+0000] {taskinstance.py:1205} INFO - Marking task as SUCCESS. dag_id=03_branching_dags, task_id=pick_erp_system, execution_date=20260227T071516, start_date=20260227T071521, end_date=20260227T071522
[2026-02-27T07:15:22.618+0000] {local_task_job_runner.py:240} INFO - Task exited with return code 0
[2026-02-27T07:15:22.695+0000] {taskinstance.py:3482} INFO - 1 downstream tasks scheduled from follow-on schedule check
[2026-02-27T07:15:22.703+0000] {local_task_job_runner.py:222} INFO - ::endgroup::
