[2026-02-27T04:25:06.429+0000] {local_task_job_runner.py:120} INFO - ::group::Pre task execution logs
[2026-02-27T04:25:06.466+0000] {taskinstance.py:2073} INFO - Dependencies all met for dep_context=non-requeueable deps ti=<TaskInstance: download_rocket_launcher_parallel.notify manual__2026-02-27T04:24:29.077770+00:00 [queued]>
[2026-02-27T04:25:06.480+0000] {taskinstance.py:2073} INFO - Dependencies all met for dep_context=requeueable deps ti=<TaskInstance: download_rocket_launcher_parallel.notify manual__2026-02-27T04:24:29.077770+00:00 [queued]>
[2026-02-27T04:25:06.482+0000] {taskinstance.py:2303} INFO - Starting attempt 1 of 1
[2026-02-27T04:25:06.506+0000] {taskinstance.py:2327} INFO - Executing <Task(BashOperator): notify> on 2026-02-27 04:24:29.077770+00:00
[2026-02-27T04:25:06.515+0000] {warnings.py:110} WARNING - /home/***/.local/lib/python3.12/site-packages/***/task/task_runner/standard_task_runner.py:61: DeprecationWarning: This process (pid=6291) is multi-threaded, use of fork() may lead to deadlocks in the child.
  pid = os.fork()

[2026-02-27T04:25:06.517+0000] {standard_task_runner.py:63} INFO - Started process 6329 to run task
[2026-02-27T04:25:06.518+0000] {standard_task_runner.py:90} INFO - Running: ['***', 'tasks', 'run', 'download_rocket_launcher_parallel', 'notify', 'manual__2026-02-27T04:24:29.077770+00:00', '--job-id', '25', '--raw', '--subdir', 'DAGS_FOLDER/par.py', '--cfg-path', '/tmp/tmp3emk531i']
[2026-02-27T04:25:06.521+0000] {standard_task_runner.py:91} INFO - Job 25: Subtask notify
[2026-02-27T04:25:06.642+0000] {task_command.py:426} INFO - Running <TaskInstance: download_rocket_launcher_parallel.notify manual__2026-02-27T04:24:29.077770+00:00 [running]> on host eee3dfa392df
[2026-02-27T04:25:06.776+0000] {taskinstance.py:2644} INFO - Exporting env vars: AIRFLOW_CTX_DAG_OWNER='***' AIRFLOW_CTX_DAG_ID='download_rocket_launcher_parallel' AIRFLOW_CTX_TASK_ID='notify' AIRFLOW_CTX_EXECUTION_DATE='2026-02-27T04:24:29.077770+00:00' AIRFLOW_CTX_TRY_NUMBER='1' AIRFLOW_CTX_DAG_RUN_ID='manual__2026-02-27T04:24:29.077770+00:00'
[2026-02-27T04:25:06.778+0000] {taskinstance.py:430} INFO - ::endgroup::
[2026-02-27T04:25:06.779+0000] {subprocess.py:63} INFO - Tmp dir root location: /tmp
[2026-02-27T04:25:06.782+0000] {subprocess.py:75} INFO - Running command: ['/usr/bin/bash', '-c', 'echo "Pipeline finished. Total images: $(ls /tmp/images | wc -l)"']
[2026-02-27T04:25:06.796+0000] {subprocess.py:86} INFO - Output:
[2026-02-27T04:25:06.813+0000] {subprocess.py:93} INFO - Pipeline finished. Total images: 5
[2026-02-27T04:25:06.814+0000] {subprocess.py:97} INFO - Command exited with return code 0
[2026-02-27T04:25:06.833+0000] {taskinstance.py:441} INFO - ::group::Post task execution logs
[2026-02-27T04:25:06.864+0000] {taskinstance.py:1205} INFO - Marking task as SUCCESS. dag_id=download_rocket_launcher_parallel, task_id=notify, execution_date=20260227T042429, start_date=20260227T042506, end_date=20260227T042506
[2026-02-27T04:25:06.934+0000] {local_task_job_runner.py:240} INFO - Task exited with return code 0
[2026-02-27T04:25:06.961+0000] {taskinstance.py:3482} INFO - 0 downstream tasks scheduled from follow-on schedule check
[2026-02-27T04:25:06.965+0000] {local_task_job_runner.py:222} INFO - ::endgroup::
