[2026-02-27T04:54:24.099+0000] {local_task_job_runner.py:120} INFO - ::group::Pre task execution logs
[2026-02-27T04:54:24.140+0000] {taskinstance.py:2073} INFO - Dependencies all met for dep_context=non-requeueable deps ti=<TaskInstance: parallel_dag.get_pictures manual__2026-02-27T04:54:10.830868+00:00 [queued]>
[2026-02-27T04:54:24.154+0000] {taskinstance.py:2073} INFO - Dependencies all met for dep_context=requeueable deps ti=<TaskInstance: parallel_dag.get_pictures manual__2026-02-27T04:54:10.830868+00:00 [queued]>
[2026-02-27T04:54:24.156+0000] {taskinstance.py:2303} INFO - Starting attempt 1 of 1
[2026-02-27T04:54:24.175+0000] {taskinstance.py:2327} INFO - Executing <Task(PythonOperator): get_pictures> on 2026-02-27 04:54:10.830868+00:00
[2026-02-27T04:54:24.184+0000] {warnings.py:110} WARNING - /home/***/.local/lib/python3.12/site-packages/***/task/task_runner/standard_task_runner.py:61: DeprecationWarning: This process (pid=34135) is multi-threaded, use of fork() may lead to deadlocks in the child.
  pid = os.fork()

[2026-02-27T04:54:24.186+0000] {standard_task_runner.py:63} INFO - Started process 34204 to run task
[2026-02-27T04:54:24.186+0000] {standard_task_runner.py:90} INFO - Running: ['***', 'tasks', 'run', 'parallel_dag', 'get_pictures', 'manual__2026-02-27T04:54:10.830868+00:00', '--job-id', '93', '--raw', '--subdir', 'DAGS_FOLDER/a8.py', '--cfg-path', '/tmp/tmpo595_yze']
[2026-02-27T04:54:24.190+0000] {standard_task_runner.py:91} INFO - Job 93: Subtask get_pictures
[2026-02-27T04:54:24.288+0000] {task_command.py:426} INFO - Running <TaskInstance: parallel_dag.get_pictures manual__2026-02-27T04:54:10.830868+00:00 [running]> on host eee3dfa392df
[2026-02-27T04:54:24.410+0000] {taskinstance.py:2644} INFO - Exporting env vars: AIRFLOW_CTX_DAG_OWNER='***' AIRFLOW_CTX_DAG_ID='parallel_dag' AIRFLOW_CTX_TASK_ID='get_pictures' AIRFLOW_CTX_EXECUTION_DATE='2026-02-27T04:54:10.830868+00:00' AIRFLOW_CTX_TRY_NUMBER='1' AIRFLOW_CTX_DAG_RUN_ID='manual__2026-02-27T04:54:10.830868+00:00'
[2026-02-27T04:54:24.413+0000] {taskinstance.py:430} INFO - ::endgroup::
[2026-02-27T04:54:26.806+0000] {logging_mixin.py:188} INFO - Downloaded https://thespacedevs-prod.nyc3.digitaloceanspaces.com/media/images/falcon2520925_image_20221009234147.png to /tmp/images/falcon2520925_image_20221009234147.png
[2026-02-27T04:54:28.987+0000] {logging_mixin.py:188} INFO - Downloaded https://thespacedevs-prod.nyc3.digitaloceanspaces.com/media/images/electron_image_20190705175640.jpeg to /tmp/images/electron_image_20190705175640.jpeg
[2026-02-27T04:54:30.905+0000] {logging_mixin.py:188} INFO - Downloaded https://thespacedevs-prod.nyc3.digitaloceanspaces.com/media/images/firefly_alpha_l_image_20240605174156.jpeg to /tmp/images/firefly_alpha_l_image_20240605174156.jpeg
[2026-02-27T04:54:32.756+0000] {logging_mixin.py:188} INFO - Downloaded https://thespacedevs-prod.nyc3.digitaloceanspaces.com/media/images/kairos_image_20240216144656.jpeg to /tmp/images/kairos_image_20240216144656.jpeg
[2026-02-27T04:54:34.791+0000] {logging_mixin.py:188} INFO - Downloaded https://thespacedevs-prod.nyc3.digitaloceanspaces.com/media/images/falcon2520925_image_20221009234147.png to /tmp/images/falcon2520925_image_20221009234147.png
[2026-02-27T04:54:36.913+0000] {logging_mixin.py:188} INFO - Downloaded https://thespacedevs-prod.nyc3.digitaloceanspaces.com/media/images/falcon2520925_image_20221009234147.png to /tmp/images/falcon2520925_image_20221009234147.png
[2026-02-27T04:54:38.867+0000] {logging_mixin.py:188} INFO - Downloaded https://thespacedevs-prod.nyc3.digitaloceanspaces.com/media/images/falcon2520925_image_20221009234147.png to /tmp/images/falcon2520925_image_20221009234147.png
[2026-02-27T04:54:40.719+0000] {logging_mixin.py:188} INFO - Downloaded https://thespacedevs-prod.nyc3.digitaloceanspaces.com/media/images/falcon2520925_image_20221009234147.png to /tmp/images/falcon2520925_image_20221009234147.png
[2026-02-27T04:54:42.754+0000] {logging_mixin.py:188} INFO - Downloaded https://thespacedevs-prod.nyc3.digitaloceanspaces.com/media/images/falcon_9_image_20230807133459.jpeg to /tmp/images/falcon_9_image_20230807133459.jpeg
[2026-02-27T04:54:44.825+0000] {logging_mixin.py:188} INFO - Downloaded https://thespacedevs-prod.nyc3.digitaloceanspaces.com/media/images/falcon2520925_image_20221009234147.png to /tmp/images/falcon2520925_image_20221009234147.png
[2026-02-27T04:54:44.829+0000] {python.py:237} INFO - Done. Returned value was: None
[2026-02-27T04:54:44.831+0000] {taskinstance.py:441} INFO - ::group::Post task execution logs
[2026-02-27T04:54:44.843+0000] {taskinstance.py:1205} INFO - Marking task as SUCCESS. dag_id=parallel_dag, task_id=get_pictures, execution_date=20260227T045410, start_date=20260227T045424, end_date=20260227T045444
[2026-02-27T04:54:44.910+0000] {local_task_job_runner.py:240} INFO - Task exited with return code 0
[2026-02-27T04:54:44.939+0000] {taskinstance.py:3482} INFO - 1 downstream tasks scheduled from follow-on schedule check
[2026-02-27T04:54:44.943+0000] {local_task_job_runner.py:222} INFO - ::endgroup::
