[2026-02-27T04:24:37.468+0000] {local_task_job_runner.py:120} INFO - ::group::Pre task execution logs
[2026-02-27T04:24:37.505+0000] {taskinstance.py:2073} INFO - Dependencies all met for dep_context=non-requeueable deps ti=<TaskInstance: download_rocket_launcher_parallel.get_pictures manual__2026-02-27T04:24:29.077770+00:00 [queued]>
[2026-02-27T04:24:37.520+0000] {taskinstance.py:2073} INFO - Dependencies all met for dep_context=requeueable deps ti=<TaskInstance: download_rocket_launcher_parallel.get_pictures manual__2026-02-27T04:24:29.077770+00:00 [queued]>
[2026-02-27T04:24:37.522+0000] {taskinstance.py:2303} INFO - Starting attempt 1 of 1
[2026-02-27T04:24:37.546+0000] {taskinstance.py:2327} INFO - Executing <Task(PythonOperator): get_pictures> on 2026-02-27 04:24:29.077770+00:00
[2026-02-27T04:24:37.556+0000] {warnings.py:110} WARNING - /home/***/.local/lib/python3.12/site-packages/***/task/task_runner/standard_task_runner.py:61: DeprecationWarning: This process (pid=5848) is multi-threaded, use of fork() may lead to deadlocks in the child.
  pid = os.fork()

[2026-02-27T04:24:37.558+0000] {standard_task_runner.py:63} INFO - Started process 5887 to run task
[2026-02-27T04:24:37.559+0000] {standard_task_runner.py:90} INFO - Running: ['***', 'tasks', 'run', 'download_rocket_launcher_parallel', 'get_pictures', 'manual__2026-02-27T04:24:29.077770+00:00', '--job-id', '21', '--raw', '--subdir', 'DAGS_FOLDER/par.py', '--cfg-path', '/tmp/tmpszdc26u_']
[2026-02-27T04:24:37.564+0000] {standard_task_runner.py:91} INFO - Job 21: Subtask get_pictures
[2026-02-27T04:24:37.679+0000] {task_command.py:426} INFO - Running <TaskInstance: download_rocket_launcher_parallel.get_pictures manual__2026-02-27T04:24:29.077770+00:00 [running]> on host eee3dfa392df
[2026-02-27T04:24:37.836+0000] {taskinstance.py:2644} INFO - Exporting env vars: AIRFLOW_CTX_DAG_OWNER='***' AIRFLOW_CTX_DAG_ID='download_rocket_launcher_parallel' AIRFLOW_CTX_TASK_ID='get_pictures' AIRFLOW_CTX_EXECUTION_DATE='2026-02-27T04:24:29.077770+00:00' AIRFLOW_CTX_TRY_NUMBER='1' AIRFLOW_CTX_DAG_RUN_ID='manual__2026-02-27T04:24:29.077770+00:00'
[2026-02-27T04:24:37.840+0000] {taskinstance.py:430} INFO - ::endgroup::
[2026-02-27T04:24:41.854+0000] {logging_mixin.py:188} INFO - Downloaded https://thespacedevs-prod.nyc3.digitaloceanspaces.com/media/images/falcon2520925_image_20221009234147.png to /tmp/images/falcon2520925_image_20221009234147.png
[2026-02-27T04:24:43.766+0000] {logging_mixin.py:188} INFO - Downloaded https://thespacedevs-prod.nyc3.digitaloceanspaces.com/media/images/electron_image_20190705175640.jpeg to /tmp/images/electron_image_20190705175640.jpeg
[2026-02-27T04:24:45.978+0000] {logging_mixin.py:188} INFO - Downloaded https://thespacedevs-prod.nyc3.digitaloceanspaces.com/media/images/firefly_alpha_l_image_20240605174156.jpeg to /tmp/images/firefly_alpha_l_image_20240605174156.jpeg
[2026-02-27T04:24:47.607+0000] {logging_mixin.py:188} INFO - Downloaded https://thespacedevs-prod.nyc3.digitaloceanspaces.com/media/images/kairos_image_20240216144656.jpeg to /tmp/images/kairos_image_20240216144656.jpeg
[2026-02-27T04:24:49.766+0000] {logging_mixin.py:188} INFO - Downloaded https://thespacedevs-prod.nyc3.digitaloceanspaces.com/media/images/falcon2520925_image_20221009234147.png to /tmp/images/falcon2520925_image_20221009234147.png
[2026-02-27T04:24:51.575+0000] {logging_mixin.py:188} INFO - Downloaded https://thespacedevs-prod.nyc3.digitaloceanspaces.com/media/images/falcon2520925_image_20221009234147.png to /tmp/images/falcon2520925_image_20221009234147.png
[2026-02-27T04:24:53.845+0000] {logging_mixin.py:188} INFO - Downloaded https://thespacedevs-prod.nyc3.digitaloceanspaces.com/media/images/falcon2520925_image_20221009234147.png to /tmp/images/falcon2520925_image_20221009234147.png
[2026-02-27T04:24:55.878+0000] {logging_mixin.py:188} INFO - Downloaded https://thespacedevs-prod.nyc3.digitaloceanspaces.com/media/images/falcon2520925_image_20221009234147.png to /tmp/images/falcon2520925_image_20221009234147.png
[2026-02-27T04:24:58.044+0000] {logging_mixin.py:188} INFO - Downloaded https://thespacedevs-prod.nyc3.digitaloceanspaces.com/media/images/falcon_9_image_20230807133459.jpeg to /tmp/images/falcon_9_image_20230807133459.jpeg
[2026-02-27T04:25:00.136+0000] {logging_mixin.py:188} INFO - Downloaded https://thespacedevs-prod.nyc3.digitaloceanspaces.com/media/images/falcon2520925_image_20221009234147.png to /tmp/images/falcon2520925_image_20221009234147.png
[2026-02-27T04:25:00.162+0000] {python.py:237} INFO - Done. Returned value was: None
[2026-02-27T04:25:00.169+0000] {taskinstance.py:441} INFO - ::group::Post task execution logs
[2026-02-27T04:25:00.194+0000] {taskinstance.py:1205} INFO - Marking task as SUCCESS. dag_id=download_rocket_launcher_parallel, task_id=get_pictures, execution_date=20260227T042429, start_date=20260227T042437, end_date=20260227T042500
[2026-02-27T04:25:00.249+0000] {local_task_job_runner.py:240} INFO - Task exited with return code 0
[2026-02-27T04:25:00.284+0000] {taskinstance.py:3482} INFO - 1 downstream tasks scheduled from follow-on schedule check
[2026-02-27T04:25:00.290+0000] {local_task_job_runner.py:222} INFO - ::endgroup::
