[2026-02-27T04:36:05.682+0000] {local_task_job_runner.py:120} INFO - ::group::Pre task execution logs
[2026-02-27T04:36:05.733+0000] {taskinstance.py:2073} INFO - Dependencies all met for dep_context=non-requeueable deps ti=<TaskInstance: data_processing.calculate_stats scheduled__2026-02-23T00:00:00+00:00 [queued]>
[2026-02-27T04:36:05.756+0000] {taskinstance.py:2073} INFO - Dependencies all met for dep_context=requeueable deps ti=<TaskInstance: data_processing.calculate_stats scheduled__2026-02-23T00:00:00+00:00 [queued]>
[2026-02-27T04:36:05.760+0000] {taskinstance.py:2303} INFO - Starting attempt 1 of 1
[2026-02-27T04:36:05.794+0000] {taskinstance.py:2327} INFO - Executing <Task(PythonOperator): calculate_stats> on 2026-02-23 00:00:00+00:00
[2026-02-27T04:36:05.810+0000] {warnings.py:110} WARNING - /home/***/.local/lib/python3.12/site-packages/***/task/task_runner/standard_task_runner.py:61: DeprecationWarning: This process (pid=16490) is multi-threaded, use of fork() may lead to deadlocks in the child.
  pid = os.fork()

[2026-02-27T04:36:05.814+0000] {standard_task_runner.py:63} INFO - Started process 16572 to run task
[2026-02-27T04:36:05.813+0000] {standard_task_runner.py:90} INFO - Running: ['***', 'tasks', 'run', 'data_processing', 'calculate_stats', 'scheduled__2026-02-23T00:00:00+00:00', '--job-id', '84', '--raw', '--subdir', 'DAGS_FOLDER/backfilling.py', '--cfg-path', '/tmp/tmpp1k7gor4']
[2026-02-27T04:36:05.819+0000] {standard_task_runner.py:91} INFO - Job 84: Subtask calculate_stats
[2026-02-27T04:36:05.958+0000] {task_command.py:426} INFO - Running <TaskInstance: data_processing.calculate_stats scheduled__2026-02-23T00:00:00+00:00 [running]> on host eee3dfa392df
[2026-02-27T04:36:06.156+0000] {taskinstance.py:2644} INFO - Exporting env vars: AIRFLOW_CTX_DAG_OWNER='***' AIRFLOW_CTX_DAG_ID='data_processing' AIRFLOW_CTX_TASK_ID='calculate_stats' AIRFLOW_CTX_EXECUTION_DATE='2026-02-23T00:00:00+00:00' AIRFLOW_CTX_TRY_NUMBER='1' AIRFLOW_CTX_DAG_RUN_ID='scheduled__2026-02-23T00:00:00+00:00'
[2026-02-27T04:36:06.162+0000] {taskinstance.py:430} INFO - ::endgroup::
[2026-02-27T04:36:06.244+0000] {logging_mixin.py:188} INFO - Processed file saved to /tmp/data/output_2026-02-23.csv
[2026-02-27T04:36:06.246+0000] {python.py:237} INFO - Done. Returned value was: None
[2026-02-27T04:36:06.248+0000] {taskinstance.py:441} INFO - ::group::Post task execution logs
[2026-02-27T04:36:06.278+0000] {taskinstance.py:1205} INFO - Marking task as SUCCESS. dag_id=data_processing, task_id=calculate_stats, execution_date=20260223T000000, start_date=20260227T043605, end_date=20260227T043606
[2026-02-27T04:36:06.356+0000] {local_task_job_runner.py:240} INFO - Task exited with return code 0
[2026-02-27T04:36:06.393+0000] {taskinstance.py:3482} INFO - 0 downstream tasks scheduled from follow-on schedule check
[2026-02-27T04:36:06.397+0000] {local_task_job_runner.py:222} INFO - ::endgroup::
