[2026-02-27T04:09:13.316+0000] {local_task_job_runner.py:120} INFO - ::group::Pre task execution logs
[2026-02-27T04:09:13.339+0000] {taskinstance.py:2073} INFO - Dependencies all met for dep_context=non-requeueable deps ti=<TaskInstance: pre_incremental_data_processing.fetch_events scheduled__2026-02-26T00:00:00+00:00 [queued]>
[2026-02-27T04:09:13.348+0000] {taskinstance.py:2073} INFO - Dependencies all met for dep_context=requeueable deps ti=<TaskInstance: pre_incremental_data_processing.fetch_events scheduled__2026-02-26T00:00:00+00:00 [queued]>
[2026-02-27T04:09:13.350+0000] {taskinstance.py:2303} INFO - Starting attempt 1 of 1
[2026-02-27T04:09:13.366+0000] {taskinstance.py:2327} INFO - Executing <Task(BashOperator): fetch_events> on 2026-02-26 00:00:00+00:00
[2026-02-27T04:09:13.375+0000] {warnings.py:110} WARNING - /home/***/.local/lib/python3.12/site-packages/***/task/task_runner/standard_task_runner.py:61: DeprecationWarning: This process (pid=159) is multi-threaded, use of fork() may lead to deadlocks in the child.
  pid = os.fork()

[2026-02-27T04:09:13.378+0000] {standard_task_runner.py:63} INFO - Started process 195 to run task
[2026-02-27T04:09:13.377+0000] {standard_task_runner.py:90} INFO - Running: ['***', 'tasks', 'run', 'pre_incremental_data_processing', 'fetch_events', 'scheduled__2026-02-26T00:00:00+00:00', '--job-id', '15', '--raw', '--subdir', 'DAGS_FOLDER/increment_data_processing.py', '--cfg-path', '/tmp/tmp7pww4269']
[2026-02-27T04:09:13.379+0000] {standard_task_runner.py:91} INFO - Job 15: Subtask fetch_events
[2026-02-27T04:09:13.464+0000] {task_command.py:426} INFO - Running <TaskInstance: pre_incremental_data_processing.fetch_events scheduled__2026-02-26T00:00:00+00:00 [running]> on host eee3dfa392df
[2026-02-27T04:09:13.560+0000] {taskinstance.py:2644} INFO - Exporting env vars: AIRFLOW_CTX_DAG_OWNER='***' AIRFLOW_CTX_DAG_ID='pre_incremental_data_processing' AIRFLOW_CTX_TASK_ID='fetch_events' AIRFLOW_CTX_EXECUTION_DATE='2026-02-26T00:00:00+00:00' AIRFLOW_CTX_TRY_NUMBER='1' AIRFLOW_CTX_DAG_RUN_ID='scheduled__2026-02-26T00:00:00+00:00'
[2026-02-27T04:09:13.564+0000] {taskinstance.py:430} INFO - ::endgroup::
[2026-02-27T04:09:13.565+0000] {subprocess.py:63} INFO - Tmp dir root location: /tmp
[2026-02-27T04:09:13.568+0000] {subprocess.py:75} INFO - Running command: ['/usr/bin/bash', '-c', "mkdir -p /tmp/data && echo 'START=2026-02-26 00:00:00+00:00 END=2026-02-27 00:00:00+00:00' && curl -s -o /tmp/data/events_2026-02-26.json 'http://events_api:5000/events?start_date=2026-02-24&end_date=2026-02-26'"]
[2026-02-27T04:09:13.580+0000] {subprocess.py:86} INFO - Output:
[2026-02-27T04:09:13.587+0000] {subprocess.py:93} INFO - START=2026-02-26 00:00:00+00:00 END=2026-02-27 00:00:00+00:00
[2026-02-27T04:09:17.600+0000] {subprocess.py:97} INFO - Command exited with return code 6
[2026-02-27T04:09:17.611+0000] {taskinstance.py:441} INFO - ::group::Post task execution logs
[2026-02-27T04:09:17.627+0000] {taskinstance.py:2890} ERROR - Task failed with exception
Traceback (most recent call last):
  File "/home/airflow/.local/lib/python3.12/site-packages/airflow/models/taskinstance.py", line 465, in _execute_task
    result = _execute_callable(context=context, **execute_callable_kwargs)
             ^^^^^^^^^^^^^^^^^^^^^^^^^^^^^^^^^^^^^^^^^^^^^^^^^^^^^^^^^^^^^
  File "/home/airflow/.local/lib/python3.12/site-packages/airflow/models/taskinstance.py", line 432, in _execute_callable
    return execute_callable(context=context, **execute_callable_kwargs)
           ^^^^^^^^^^^^^^^^^^^^^^^^^^^^^^^^^^^^^^^^^^^^^^^^^^^^^^^^^^^^
  File "/home/airflow/.local/lib/python3.12/site-packages/airflow/models/baseoperator.py", line 400, in wrapper
    return func(self, *args, **kwargs)
           ^^^^^^^^^^^^^^^^^^^^^^^^^^^
  File "/home/airflow/.local/lib/python3.12/site-packages/airflow/operators/bash.py", line 243, in execute
    raise AirflowException(
airflow.exceptions.AirflowException: Bash command failed. The command returned a non-zero exit code 6.
[2026-02-27T04:09:17.637+0000] {taskinstance.py:1205} INFO - Marking task as FAILED. dag_id=pre_incremental_data_processing, task_id=fetch_events, execution_date=20260226T000000, start_date=20260227T040913, end_date=20260227T040917
[2026-02-27T04:09:17.668+0000] {standard_task_runner.py:110} ERROR - Failed to execute job 15 for task fetch_events (Bash command failed. The command returned a non-zero exit code 6.; 195)
[2026-02-27T04:09:17.696+0000] {local_task_job_runner.py:240} INFO - Task exited with return code 1
[2026-02-27T04:09:17.749+0000] {taskinstance.py:3482} INFO - 0 downstream tasks scheduled from follow-on schedule check
[2026-02-27T04:09:17.763+0000] {local_task_job_runner.py:222} INFO - ::endgroup::
