[2026-02-27T07:14:09.314+0000] {local_task_job_runner.py:120} INFO - ::group::Pre task execution logs
[2026-02-27T07:14:09.352+0000] {taskinstance.py:2073} INFO - Dependencies all met for dep_context=non-requeueable deps ti=<TaskInstance: 03_branching_dags.pick_erp_system manual__2026-02-27T07:13:58.927301+00:00 [queued]>
[2026-02-27T07:14:09.369+0000] {taskinstance.py:2073} INFO - Dependencies all met for dep_context=requeueable deps ti=<TaskInstance: 03_branching_dags.pick_erp_system manual__2026-02-27T07:13:58.927301+00:00 [queued]>
[2026-02-27T07:14:09.371+0000] {taskinstance.py:2303} INFO - Starting attempt 1 of 2
[2026-02-27T07:14:09.396+0000] {taskinstance.py:2327} INFO - Executing <Task(BranchPythonOperator): pick_erp_system> on 2026-02-27 07:13:58.927301+00:00
[2026-02-27T07:14:09.409+0000] {warnings.py:110} WARNING - /home/***/.local/lib/python3.12/site-packages/***/task/task_runner/standard_task_runner.py:61: DeprecationWarning: This process (pid=41997) is multi-threaded, use of fork() may lead to deadlocks in the child.
  pid = os.fork()

[2026-02-27T07:14:09.412+0000] {standard_task_runner.py:63} INFO - Started process 42125 to run task
[2026-02-27T07:14:09.411+0000] {standard_task_runner.py:90} INFO - Running: ['***', 'tasks', 'run', '03_branching_dags', 'pick_erp_system', 'manual__2026-02-27T07:13:58.927301+00:00', '--job-id', '140', '--raw', '--subdir', 'DAGS_FOLDER/branching_dags.py', '--cfg-path', '/tmp/tmpb4_qgopt']
[2026-02-27T07:14:09.416+0000] {standard_task_runner.py:91} INFO - Job 140: Subtask pick_erp_system
[2026-02-27T07:14:09.538+0000] {task_command.py:426} INFO - Running <TaskInstance: 03_branching_dags.pick_erp_system manual__2026-02-27T07:13:58.927301+00:00 [running]> on host eee3dfa392df
[2026-02-27T07:14:09.686+0000] {taskinstance.py:2644} INFO - Exporting env vars: AIRFLOW_CTX_DAG_OWNER='***' AIRFLOW_CTX_DAG_ID='03_branching_dags' AIRFLOW_CTX_TASK_ID='pick_erp_system' AIRFLOW_CTX_EXECUTION_DATE='2026-02-27T07:13:58.927301+00:00' AIRFLOW_CTX_TRY_NUMBER='1' AIRFLOW_CTX_DAG_RUN_ID='manual__2026-02-27T07:13:58.927301+00:00'
[2026-02-27T07:14:09.690+0000] {taskinstance.py:430} INFO - ::endgroup::
[2026-02-27T07:14:09.691+0000] {baseoperator.py:399} WARNING - BranchPythonOperator.execute cannot be called outside TaskInstance!
[2026-02-27T07:14:09.693+0000] {python.py:237} INFO - Done. Returned value was: fetch_sales_new
[2026-02-27T07:14:09.695+0000] {branch.py:36} INFO - Branch into fetch_sales_new
[2026-02-27T07:14:09.696+0000] {skipmixin.py:178} INFO - Following branch fetch_sales_new
[2026-02-27T07:14:09.720+0000] {skipmixin.py:246} INFO - Skipping tasks [('fetch_sales_old', -1)]
[2026-02-27T07:14:09.764+0000] {taskinstance.py:441} INFO - ::group::Post task execution logs
[2026-02-27T07:14:09.799+0000] {taskinstance.py:1205} INFO - Marking task as SUCCESS. dag_id=03_branching_dags, task_id=pick_erp_system, execution_date=20260227T071358, start_date=20260227T071409, end_date=20260227T071409
[2026-02-27T07:14:09.829+0000] {local_task_job_runner.py:240} INFO - Task exited with return code 0
[2026-02-27T07:14:09.892+0000] {taskinstance.py:3482} INFO - 1 downstream tasks scheduled from follow-on schedule check
[2026-02-27T07:14:09.900+0000] {local_task_job_runner.py:222} INFO - ::endgroup::
